mode: set
github.com/stratux/stratux/common/cputemp.go:19.48,21.6 2 0
github.com/stratux/stratux/common/cputemp.go:21.6,26.17 4 0
github.com/stratux/stratux/common/cputemp.go:26.17,28.18 2 0
github.com/stratux/stratux/common/cputemp.go:28.18,29.20 1 0
github.com/stratux/stratux/common/cputemp.go:29.20,31.6 1 0
github.com/stratux/stratux/common/cputemp.go:31.11,33.6 1 0
github.com/stratux/stratux/common/cputemp.go:36.3,36.26 1 0
github.com/stratux/stratux/common/cputemp.go:36.26,38.4 1 0
github.com/stratux/stratux/common/cputemp.go:39.3,39.12 1 0
github.com/stratux/stratux/common/cputemp.go:44.43,46.2 1 1
github.com/stratux/stratux/common/equations.go:21.68,26.17 3 1
github.com/stratux/stratux/common/equations.go:26.17,29.3 1 1
github.com/stratux/stratux/common/equations.go:31.2,31.11 1 1
github.com/stratux/stratux/common/equations.go:31.11,34.3 1 1
github.com/stratux/stratux/common/equations.go:36.2,38.19 2 1
github.com/stratux/stratux/common/equations.go:38.19,44.3 5 1
github.com/stratux/stratux/common/equations.go:46.2,46.21 1 1
github.com/stratux/stratux/common/equations.go:46.21,49.3 1 1
github.com/stratux/stratux/common/equations.go:52.2,55.8 4 1
github.com/stratux/stratux/common/equations.go:63.79,67.32 2 1
github.com/stratux/stratux/common/equations.go:67.32,70.3 1 1
github.com/stratux/stratux/common/equations.go:72.2,72.11 1 1
github.com/stratux/stratux/common/equations.go:72.11,75.3 1 1
github.com/stratux/stratux/common/equations.go:78.2,80.19 2 1
github.com/stratux/stratux/common/equations.go:80.19,94.3 6 1
github.com/stratux/stratux/common/equations.go:96.2,96.13 1 1
github.com/stratux/stratux/common/equations.go:96.13,99.3 1 1
github.com/stratux/stratux/common/equations.go:101.2,101.24 1 1
github.com/stratux/stratux/common/equations.go:101.24,104.3 1 1
github.com/stratux/stratux/common/equations.go:107.2,110.8 4 1
github.com/stratux/stratux/common/equations.go:115.58,118.13 3 1
github.com/stratux/stratux/common/equations.go:118.13,120.3 1 1
github.com/stratux/stratux/common/equations.go:120.8,122.3 1 1
github.com/stratux/stratux/common/equations.go:123.2,123.15 1 1
github.com/stratux/stratux/common/equations.go:127.44,128.16 1 1
github.com/stratux/stratux/common/equations.go:128.16,131.3 2 1
github.com/stratux/stratux/common/equations.go:133.2,134.19 2 1
github.com/stratux/stratux/common/equations.go:134.19,135.17 1 1
github.com/stratux/stratux/common/equations.go:135.17,137.4 1 1
github.com/stratux/stratux/common/equations.go:139.2,139.18 1 1
github.com/stratux/stratux/common/equations.go:143.44,144.16 1 1
github.com/stratux/stratux/common/equations.go:144.16,147.3 2 1
github.com/stratux/stratux/common/equations.go:149.2,150.19 2 1
github.com/stratux/stratux/common/equations.go:150.19,151.17 1 1
github.com/stratux/stratux/common/equations.go:151.17,153.4 1 1
github.com/stratux/stratux/common/equations.go:155.2,155.18 1 1
github.com/stratux/stratux/common/equations.go:159.46,163.20 3 1
github.com/stratux/stratux/common/equations.go:163.20,166.3 2 1
github.com/stratux/stratux/common/equations.go:168.2,168.26 1 1
github.com/stratux/stratux/common/equations.go:172.40,173.16 1 1
github.com/stratux/stratux/common/equations.go:173.16,176.3 1 1
github.com/stratux/stratux/common/equations.go:178.2,181.19 3 1
github.com/stratux/stratux/common/equations.go:181.19,183.3 1 1
github.com/stratux/stratux/common/equations.go:185.2,185.23 1 1
github.com/stratux/stratux/common/equations.go:189.41,190.16 1 1
github.com/stratux/stratux/common/equations.go:190.16,193.3 2 1
github.com/stratux/stratux/common/equations.go:195.2,198.16 3 1
github.com/stratux/stratux/common/equations.go:198.16,201.3 2 0
github.com/stratux/stratux/common/equations.go:203.2,205.19 2 1
github.com/stratux/stratux/common/equations.go:205.19,207.3 1 1
github.com/stratux/stratux/common/equations.go:209.2,209.42 1 1
github.com/stratux/stratux/common/equations.go:213.37,215.2 1 1
github.com/stratux/stratux/common/equations.go:218.37,220.2 1 1
github.com/stratux/stratux/common/equations.go:223.40,224.18 1 1
github.com/stratux/stratux/common/equations.go:224.18,226.3 1 1
github.com/stratux/stratux/common/equations.go:227.2,227.19 1 1
github.com/stratux/stratux/common/equations.go:227.19,229.3 1 1
github.com/stratux/stratux/common/equations.go:230.2,230.32 1 1
github.com/stratux/stratux/common/equations.go:234.40,235.22 1 1
github.com/stratux/stratux/common/equations.go:235.22,237.3 1 1
github.com/stratux/stratux/common/equations.go:238.2,238.23 1 1
github.com/stratux/stratux/common/equations.go:238.23,240.3 1 1
github.com/stratux/stratux/common/equations.go:241.2,241.32 1 1
github.com/stratux/stratux/common/equations.go:245.40,246.16 1 1
github.com/stratux/stratux/common/equations.go:246.16,248.3 1 1
github.com/stratux/stratux/common/equations.go:249.2,249.32 1 1
github.com/stratux/stratux/common/equations.go:253.43,254.13 1 1
github.com/stratux/stratux/common/equations.go:254.13,256.3 1 1
github.com/stratux/stratux/common/equations.go:256.8,258.3 1 1
github.com/stratux/stratux/common/equations.go:259.2,259.8 1 1
github.com/stratux/stratux/common/equations.go:273.85,284.2 10 1
github.com/stratux/stratux/common/equations.go:288.48,294.2 5 1
github.com/stratux/stratux/common/equations.go:298.59,306.2 6 1
github.com/stratux/stratux/common/equations.go:316.71,334.2 11 1
github.com/stratux/stratux/common/equations.go:337.68,340.2 2 1
github.com/stratux/stratux/common/equations.go:343.25,344.11 1 1
github.com/stratux/stratux/common/equations.go:344.11,346.3 1 1
github.com/stratux/stratux/common/equations.go:347.2,347.10 1 1
github.com/stratux/stratux/common/equations.go:350.25,351.11 1 1
github.com/stratux/stratux/common/equations.go:351.11,353.3 1 1
github.com/stratux/stratux/common/equations.go:354.2,354.10 1 1
github.com/stratux/stratux/common/helpers.go:5.29,8.2 2 1
