mode: atomic
github.com/stratux/stratux/main/ais.go:31.18,33.6 1 0
github.com/stratux/stratux/main/ais.go:33.6,34.51 1 0
github.com/stratux/stratux/main/ais.go:34.51,37.12 2 0
github.com/stratux/stratux/main/ais.go:40.3,42.17 3 0
github.com/stratux/stratux/main/ais.go:42.17,44.12 2 0
github.com/stratux/stratux/main/ais.go:46.3,51.28 4 0
github.com/stratux/stratux/main/ais.go:51.28,53.4 1 0
github.com/stratux/stratux/main/ais.go:55.3,55.13 1 0
github.com/stratux/stratux/main/ais.go:55.13,57.23 2 0
github.com/stratux/stratux/main/ais.go:57.23,59.5 1 0
github.com/stratux/stratux/main/ais.go:60.4,60.28 1 0
github.com/stratux/stratux/main/ais.go:60.28,62.5 1 0
github.com/stratux/stratux/main/ais.go:63.4,63.23 1 0
github.com/stratux/stratux/main/ais.go:66.2,67.34 1 0
github.com/stratux/stratux/main/ais.go:67.34,68.11 1 0
github.com/stratux/stratux/main/ais.go:69.38,71.26 2 0
github.com/stratux/stratux/main/ais.go:72.23,73.15 1 0
github.com/stratux/stratux/main/ais.go:77.3,79.30 3 0
github.com/stratux/stratux/main/ais.go:83.35,93.51 9 0
github.com/stratux/stratux/main/ais.go:93.51,95.3 1 0
github.com/stratux/stratux/main/ais.go:95.8,95.23 1 0
github.com/stratux/stratux/main/ais.go:95.23,97.3 1 0
github.com/stratux/stratux/main/ais.go:97.9,99.3 0 0
github.com/stratux/stratux/main/ais.go:104.54,113.40 6 0
github.com/stratux/stratux/main/ais.go:113.40,115.3 1 0
github.com/stratux/stratux/main/ais.go:115.8,133.3 16 0
github.com/stratux/stratux/main/ais.go:135.2,141.27 5 0
github.com/stratux/stratux/main/ais.go:141.27,149.3 5 0
github.com/stratux/stratux/main/ais.go:152.2,152.28 1 0
github.com/stratux/stratux/main/ais.go:152.28,158.32 4 0
github.com/stratux/stratux/main/ais.go:158.32,161.4 2 0
github.com/stratux/stratux/main/ais.go:162.3,162.30 1 0
github.com/stratux/stratux/main/ais.go:162.30,165.4 2 0
github.com/stratux/stratux/main/ais.go:169.2,169.77 1 0
github.com/stratux/stratux/main/ais.go:169.77,177.33 6 0
github.com/stratux/stratux/main/ais.go:177.33,181.4 3 0
github.com/stratux/stratux/main/ais.go:186.3,186.61 1 0
github.com/stratux/stratux/main/ais.go:186.61,188.33 2 0
github.com/stratux/stratux/main/ais.go:188.33,190.5 1 0
github.com/stratux/stratux/main/ais.go:191.4,191.18 1 0
github.com/stratux/stratux/main/ais.go:192.9,194.41 2 0
github.com/stratux/stratux/main/ais.go:194.41,196.5 1 0
github.com/stratux/stratux/main/ais.go:197.4,197.22 1 0
github.com/stratux/stratux/main/ais.go:200.3,201.40 2 0
github.com/stratux/stratux/main/ais.go:201.40,203.4 1 0
github.com/stratux/stratux/main/ais.go:204.3,206.34 2 0
github.com/stratux/stratux/main/ais.go:210.2,210.68 1 0
github.com/stratux/stratux/main/ais.go:210.68,212.3 1 0
github.com/stratux/stratux/main/ais.go:215.2,215.50 1 0
github.com/stratux/stratux/main/ais.go:215.50,218.3 2 0
github.com/stratux/stratux/main/ais.go:221.2,221.60 1 0
github.com/stratux/stratux/main/ais.go:221.60,223.3 1 0
github.com/stratux/stratux/main/ais.go:225.2,230.26 5 0
github.com/stratux/stratux/main/ais.go:230.26,233.3 2 0
github.com/stratux/stratux/main/clientconnection.go:54.61,55.23 1 0
github.com/stratux/stratux/main/clientconnection.go:55.23,57.3 1 0
github.com/stratux/stratux/main/clientconnection.go:58.2,58.19 1 0
github.com/stratux/stratux/main/clientconnection.go:60.51,62.2 1 0
github.com/stratux/stratux/main/clientconnection.go:71.51,73.2 1 0
github.com/stratux/stratux/main/clientconnection.go:80.50,82.56 1 0
github.com/stratux/stratux/main/clientconnection.go:82.56,84.3 1 0
github.com/stratux/stratux/main/clientconnection.go:86.2,86.100 1 0
github.com/stratux/stratux/main/clientconnection.go:86.100,88.3 1 0
github.com/stratux/stratux/main/clientconnection.go:88.8,88.107 1 0
github.com/stratux/stratux/main/clientconnection.go:88.107,90.3 1 0
github.com/stratux/stratux/main/clientconnection.go:90.8,90.73 1 0
github.com/stratux/stratux/main/clientconnection.go:90.73,92.3 1 0
github.com/stratux/stratux/main/clientconnection.go:92.8,94.3 1 0
github.com/stratux/stratux/main/clientconnection.go:95.2,95.23 1 0
github.com/stratux/stratux/main/clientconnection.go:98.53,100.2 1 0
github.com/stratux/stratux/main/clientconnection.go:102.59,103.73 1 0
github.com/stratux/stratux/main/clientconnection.go:103.73,106.3 1 0
github.com/stratux/stratux/main/clientconnection.go:107.2,107.13 1 0
github.com/stratux/stratux/main/clientconnection.go:110.52,113.2 0 0
github.com/stratux/stratux/main/clientconnection.go:115.41,117.2 0 0
github.com/stratux/stratux/main/clientconnection.go:119.58,121.2 1 0
github.com/stratux/stratux/main/clientconnection.go:131.60,132.23 1 0
github.com/stratux/stratux/main/clientconnection.go:132.23,134.3 1 0
github.com/stratux/stratux/main/clientconnection.go:135.2,135.19 1 0
github.com/stratux/stratux/main/clientconnection.go:138.50,140.2 1 0
github.com/stratux/stratux/main/clientconnection.go:141.50,143.2 1 0
github.com/stratux/stratux/main/clientconnection.go:144.49,146.2 1 0
github.com/stratux/stratux/main/clientconnection.go:148.52,150.2 1 0
github.com/stratux/stratux/main/clientconnection.go:152.58,154.2 1 0
github.com/stratux/stratux/main/clientconnection.go:156.50,160.2 2 0
github.com/stratux/stratux/main/clientconnection.go:162.39,163.28 1 0
github.com/stratux/stratux/main/clientconnection.go:163.28,168.3 4 0
github.com/stratux/stratux/main/clientconnection.go:171.57,173.2 1 0
github.com/stratux/stratux/main/clientconnection.go:182.57,183.23 1 0
github.com/stratux/stratux/main/clientconnection.go:183.23,185.3 1 0
github.com/stratux/stratux/main/clientconnection.go:186.2,186.19 1 0
github.com/stratux/stratux/main/clientconnection.go:189.47,191.2 1 0
github.com/stratux/stratux/main/clientconnection.go:192.47,194.2 1 0
github.com/stratux/stratux/main/clientconnection.go:195.46,197.2 1 0
github.com/stratux/stratux/main/clientconnection.go:198.49,200.2 1 0
github.com/stratux/stratux/main/clientconnection.go:201.55,203.2 1 0
github.com/stratux/stratux/main/clientconnection.go:205.47,207.22 1 0
github.com/stratux/stratux/main/clientconnection.go:207.22,210.3 2 0
github.com/stratux/stratux/main/clientconnection.go:213.36,215.22 1 0
github.com/stratux/stratux/main/clientconnection.go:215.22,220.3 4 0
github.com/stratux/stratux/main/clientconnection.go:223.54,225.2 1 0
github.com/stratux/stratux/main/clientconnection.go:235.57,236.23 1 0
github.com/stratux/stratux/main/clientconnection.go:236.23,238.3 1 0
github.com/stratux/stratux/main/clientconnection.go:239.2,239.19 1 0
github.com/stratux/stratux/main/clientconnection.go:242.47,244.2 1 0
github.com/stratux/stratux/main/clientconnection.go:246.63,248.2 1 0
github.com/stratux/stratux/main/clientconnection.go:250.47,252.2 1 0
github.com/stratux/stratux/main/clientconnection.go:253.46,255.2 1 0
github.com/stratux/stratux/main/clientconnection.go:257.49,259.2 1 0
github.com/stratux/stratux/main/clientconnection.go:261.55,263.2 1 0
github.com/stratux/stratux/main/clientconnection.go:265.47,268.2 1 0
github.com/stratux/stratux/main/clientconnection.go:270.37,271.2 0 0
github.com/stratux/stratux/main/clientconnection.go:273.54,275.2 1 0
github.com/stratux/stratux/main/cot-in.go:52.18,54.16 2 0
github.com/stratux/stratux/main/cot-in.go:54.16,57.3 2 0
github.com/stratux/stratux/main/cot-in.go:58.2,60.6 3 0
github.com/stratux/stratux/main/cot-in.go:60.6,62.27 2 0
github.com/stratux/stratux/main/cot-in.go:62.27,63.12 1 0
github.com/stratux/stratux/main/cot-in.go:65.3,68.38 4 0
github.com/stratux/stratux/main/cot-in.go:68.38,72.4 3 0
github.com/stratux/stratux/main/cot-in.go:77.36,80.16 3 0
github.com/stratux/stratux/main/cot-in.go:80.16,83.3 2 0
github.com/stratux/stratux/main/cot-in.go:84.2,84.50 1 0
github.com/stratux/stratux/main/cot-in.go:84.50,86.3 1 0
github.com/stratux/stratux/main/cot-in.go:89.2,100.40 9 0
github.com/stratux/stratux/main/cot-in.go:100.40,102.3 1 0
github.com/stratux/stratux/main/cot-in.go:103.2,121.40 17 0
github.com/stratux/stratux/main/cot-in.go:121.40,124.3 2 0
github.com/stratux/stratux/main/cot-in.go:124.8,128.3 2 0
github.com/stratux/stratux/main/cot-in.go:130.2,136.26 5 0
github.com/stratux/stratux/main/cot-in.go:136.26,139.3 2 0
github.com/stratux/stratux/main/datalog.go:62.28,64.108 2 0
github.com/stratux/stratux/main/datalog.go:64.108,73.48 7 0
github.com/stratux/stratux/main/datalog.go:73.48,76.78 2 0
github.com/stratux/stratux/main/datalog.go:76.78,85.5 5 0
github.com/stratux/stratux/main/datalog.go:88.3,90.15 3 0
github.com/stratux/stratux/main/datalog.go:92.2,92.13 1 0
github.com/stratux/stratux/main/datalog.go:100.42,102.7 2 0
github.com/stratux/stratux/main/datalog.go:102.7,104.3 1 0
github.com/stratux/stratux/main/datalog.go:105.2,105.12 1 0
github.com/stratux/stratux/main/datalog.go:108.41,110.2 1 0
github.com/stratux/stratux/main/datalog.go:112.42,114.2 1 0
github.com/stratux/stratux/main/datalog.go:116.43,118.2 1 0
github.com/stratux/stratux/main/datalog.go:120.44,122.2 1 0
github.com/stratux/stratux/main/datalog.go:124.50,126.2 1 0
github.com/stratux/stratux/main/datalog.go:128.50,130.31 2 0
github.com/stratux/stratux/main/datalog.go:130.31,132.3 1 0
github.com/stratux/stratux/main/datalog.go:133.2,133.14 1 0
github.com/stratux/stratux/main/datalog.go:136.44,137.30 1 0
github.com/stratux/stratux/main/datalog.go:137.30,141.19 4 0
github.com/stratux/stratux/main/datalog.go:141.19,143.4 1 0
github.com/stratux/stratux/main/datalog.go:145.2,145.11 1 0
github.com/stratux/stratux/main/datalog.go:187.55,191.38 3 0
github.com/stratux/stratux/main/datalog.go:191.38,197.71 4 0
github.com/stratux/stratux/main/datalog.go:197.71,198.12 1 0
github.com/stratux/stratux/main/datalog.go:200.3,200.58 1 0
github.com/stratux/stratux/main/datalog.go:200.58,201.12 1 0
github.com/stratux/stratux/main/datalog.go:203.3,205.29 3 0
github.com/stratux/stratux/main/datalog.go:209.2,209.44 1 0
github.com/stratux/stratux/main/datalog.go:209.44,211.3 1 0
github.com/stratux/stratux/main/datalog.go:213.2,216.16 3 0
github.com/stratux/stratux/main/datalog.go:216.16,218.3 1 0
github.com/stratux/stratux/main/datalog.go:226.69,227.37 1 0
github.com/stratux/stratux/main/datalog.go:227.37,229.3 1 0
github.com/stratux/stratux/main/datalog.go:231.2,235.25 4 0
github.com/stratux/stratux/main/datalog.go:235.25,242.67 5 0
github.com/stratux/stratux/main/datalog.go:242.67,243.22 1 0
github.com/stratux/stratux/main/datalog.go:243.22,246.5 2 0
github.com/stratux/stratux/main/datalog.go:246.10,250.5 3 0
github.com/stratux/stratux/main/datalog.go:251.4,251.37 1 0
github.com/stratux/stratux/main/datalog.go:251.37,253.5 1 0
github.com/stratux/stratux/main/datalog.go:254.4,256.7 3 0
github.com/stratux/stratux/main/datalog.go:259.3,262.17 2 0
github.com/stratux/stratux/main/datalog.go:262.17,265.4 2 0
github.com/stratux/stratux/main/datalog.go:269.2,272.8 3 0
github.com/stratux/stratux/main/datalog.go:286.76,291.38 4 0
github.com/stratux/stratux/main/datalog.go:291.38,296.58 4 0
github.com/stratux/stratux/main/datalog.go:296.58,297.12 1 0
github.com/stratux/stratux/main/datalog.go:300.3,303.29 3 0
github.com/stratux/stratux/main/datalog.go:307.2,307.44 1 0
github.com/stratux/stratux/main/datalog.go:307.44,309.40 2 0
github.com/stratux/stratux/main/datalog.go:309.40,315.4 2 0
github.com/stratux/stratux/main/datalog.go:316.3,316.79 1 0
github.com/stratux/stratux/main/datalog.go:319.2,319.37 1 0
github.com/stratux/stratux/main/datalog.go:319.37,324.3 2 0
github.com/stratux/stratux/main/datalog.go:327.2,328.35 2 0
github.com/stratux/stratux/main/datalog.go:328.35,330.3 1 0
github.com/stratux/stratux/main/datalog.go:332.2,334.44 2 0
github.com/stratux/stratux/main/datalog.go:334.44,336.17 2 0
github.com/stratux/stratux/main/datalog.go:336.17,338.40 2 0
github.com/stratux/stratux/main/datalog.go:338.40,342.5 3 0
github.com/stratux/stratux/main/datalog.go:343.4,343.13 1 0
github.com/stratux/stratux/main/datalog.go:347.2,347.10 1 0
github.com/stratux/stratux/main/datalog.go:362.32,369.6 5 0
github.com/stratux/stratux/main/datalog.go:369.6,370.10 1 0
github.com/stratux/stratux/main/datalog.go:371.32,373.54 1 0
github.com/stratux/stratux/main/datalog.go:374.24,380.28 3 0
github.com/stratux/stratux/main/datalog.go:380.28,382.5 1 0
github.com/stratux/stratux/main/datalog.go:385.4,388.18 3 0
github.com/stratux/stratux/main/datalog.go:388.18,390.10 2 0
github.com/stratux/stratux/main/datalog.go:392.4,392.41 1 0
github.com/stratux/stratux/main/datalog.go:392.41,395.5 2 0
github.com/stratux/stratux/main/datalog.go:397.4,397.37 1 0
github.com/stratux/stratux/main/datalog.go:397.37,399.5 1 0
github.com/stratux/stratux/main/datalog.go:401.4,404.28 4 0
github.com/stratux/stratux/main/datalog.go:404.28,407.5 2 0
github.com/stratux/stratux/main/datalog.go:408.4,408.36 1 0
github.com/stratux/stratux/main/datalog.go:408.36,412.5 3 0
github.com/stratux/stratux/main/datalog.go:413.32,416.10 3 0
github.com/stratux/stratux/main/datalog.go:421.16,439.57 15 0
github.com/stratux/stratux/main/datalog.go:439.57,442.3 2 0
github.com/stratux/stratux/main/datalog.go:444.2,445.16 2 0
github.com/stratux/stratux/main/datalog.go:445.16,447.3 1 0
github.com/stratux/stratux/main/datalog.go:449.2,449.15 1 0
github.com/stratux/stratux/main/datalog.go:449.15,454.3 3 0
github.com/stratux/stratux/main/datalog.go:456.2,457.16 2 0
github.com/stratux/stratux/main/datalog.go:457.16,459.3 1 0
github.com/stratux/stratux/main/datalog.go:460.2,461.16 2 0
github.com/stratux/stratux/main/datalog.go:461.16,463.3 1 0
github.com/stratux/stratux/main/datalog.go:466.2,469.20 2 0
github.com/stratux/stratux/main/datalog.go:469.20,480.3 10 0
github.com/stratux/stratux/main/datalog.go:483.2,487.6 3 0
github.com/stratux/stratux/main/datalog.go:487.6,488.10 1 0
github.com/stratux/stratux/main/datalog.go:489.27,496.25 3 0
github.com/stratux/stratux/main/datalog.go:497.26,499.10 2 0
github.com/stratux/stratux/main/datalog.go:509.47,510.41 1 0
github.com/stratux/stratux/main/datalog.go:510.41,521.3 8 0
github.com/stratux/stratux/main/datalog.go:530.28,532.2 1 0
github.com/stratux/stratux/main/datalog.go:534.21,535.50 1 0
github.com/stratux/stratux/main/datalog.go:535.50,537.3 1 0
github.com/stratux/stratux/main/datalog.go:540.18,541.50 1 0
github.com/stratux/stratux/main/datalog.go:541.50,543.3 1 0
github.com/stratux/stratux/main/datalog.go:546.20,547.50 1 0
github.com/stratux/stratux/main/datalog.go:547.50,549.3 1 0
github.com/stratux/stratux/main/datalog.go:552.33,553.50 1 0
github.com/stratux/stratux/main/datalog.go:553.50,555.3 1 0
github.com/stratux/stratux/main/datalog.go:558.20,559.50 1 0
github.com/stratux/stratux/main/datalog.go:559.50,561.3 1 0
github.com/stratux/stratux/main/datalog.go:564.24,565.50 1 0
github.com/stratux/stratux/main/datalog.go:565.50,567.3 1 0
github.com/stratux/stratux/main/datalog.go:570.43,571.50 1 0
github.com/stratux/stratux/main/datalog.go:571.50,573.3 1 0
github.com/stratux/stratux/main/datalog.go:576.52,577.74 1 0
github.com/stratux/stratux/main/datalog.go:577.74,579.3 1 0
github.com/stratux/stratux/main/datalog.go:582.44,583.74 1 0
github.com/stratux/stratux/main/datalog.go:583.74,585.3 1 0
github.com/stratux/stratux/main/datalog.go:588.42,589.74 1 0
github.com/stratux/stratux/main/datalog.go:589.74,591.3 1 0
github.com/stratux/stratux/main/datalog.go:594.20,601.2 3 0
github.com/stratux/stratux/main/datalog.go:612.24,613.6 1 0
github.com/stratux/stratux/main/datalog.go:613.6,614.50 1 0
github.com/stratux/stratux/main/datalog.go:614.50,617.4 2 0
github.com/stratux/stratux/main/datalog.go:617.9,617.57 1 0
github.com/stratux/stratux/main/datalog.go:617.57,620.4 2 0
github.com/stratux/stratux/main/datalog.go:622.3,622.30 1 0
github.com/stratux/stratux/main/datalog.go:641.21,648.21 6 0
github.com/stratux/stratux/main/datalog.go:648.21,651.3 1 0
github.com/stratux/stratux/main/datalog.go:652.2,652.59 1 0
github.com/stratux/stratux/main/flarm-nmea.go:34.45,36.20 2 0
github.com/stratux/stratux/main/flarm-nmea.go:36.20,38.3 1 0
github.com/stratux/stratux/main/flarm-nmea.go:39.2,40.37 2 0
github.com/stratux/stratux/main/flarm-nmea.go:40.37,42.3 1 0
github.com/stratux/stratux/main/flarm-nmea.go:43.2,43.47 1 0
github.com/stratux/stratux/main/flarm-nmea.go:46.56,49.18 2 0
github.com/stratux/stratux/main/flarm-nmea.go:49.18,51.3 1 0
github.com/stratux/stratux/main/flarm-nmea.go:53.2,59.19 5 0
github.com/stratux/stratux/main/flarm-nmea.go:59.19,61.3 1 0
github.com/stratux/stratux/main/flarm-nmea.go:62.2,62.20 1 0
github.com/stratux/stratux/main/flarm-nmea.go:62.20,64.3 1 0
github.com/stratux/stratux/main/flarm-nmea.go:66.2,67.20 2 0
github.com/stratux/stratux/main/flarm-nmea.go:67.20,69.3 1 0
github.com/stratux/stratux/main/flarm-nmea.go:71.2,72.22 2 0
github.com/stratux/stratux/main/flarm-nmea.go:72.22,74.3 1 0
github.com/stratux/stratux/main/flarm-nmea.go:76.2,76.20 1 0
github.com/stratux/stratux/main/flarm-nmea.go:76.20,78.3 1 0
github.com/stratux/stratux/main/flarm-nmea.go:78.8,80.3 1 0
github.com/stratux/stratux/main/flarm-nmea.go:81.2,83.8 3 0
github.com/stratux/stratux/main/flarm-nmea.go:87.81,88.75 1 0
github.com/stratux/stratux/main/flarm-nmea.go:88.75,90.3 1 0
github.com/stratux/stratux/main/flarm-nmea.go:90.8,90.83 1 0
github.com/stratux/stratux/main/flarm-nmea.go:90.83,92.3 1 0
github.com/stratux/stratux/main/flarm-nmea.go:92.8,94.3 1 0
github.com/stratux/stratux/main/flarm-nmea.go:95.2,95.8 1 0
github.com/stratux/stratux/main/flarm-nmea.go:98.71,100.41 2 0
github.com/stratux/stratux/main/flarm-nmea.go:100.41,102.3 1 0
github.com/stratux/stratux/main/flarm-nmea.go:103.2,103.34 1 0
github.com/stratux/stratux/main/flarm-nmea.go:103.34,106.3 1 0
github.com/stratux/stratux/main/flarm-nmea.go:107.2,108.8 2 0
github.com/stratux/stratux/main/flarm-nmea.go:111.53,113.20 2 0
github.com/stratux/stratux/main/flarm-nmea.go:114.12,115.15 1 0
github.com/stratux/stratux/main/flarm-nmea.go:116.18,117.15 1 0
github.com/stratux/stratux/main/flarm-nmea.go:118.9,119.15 1 0
github.com/stratux/stratux/main/flarm-nmea.go:120.9,121.15 1 0
github.com/stratux/stratux/main/flarm-nmea.go:122.10,123.15 1 0
github.com/stratux/stratux/main/flarm-nmea.go:124.10,125.15 1 0
github.com/stratux/stratux/main/flarm-nmea.go:126.10,127.15 1 0
github.com/stratux/stratux/main/flarm-nmea.go:128.10,129.15 1 0
github.com/stratux/stratux/main/flarm-nmea.go:130.14,131.15 1 0
github.com/stratux/stratux/main/flarm-nmea.go:132.10,133.15 1 0
github.com/stratux/stratux/main/flarm-nmea.go:135.2,135.15 1 0
github.com/stratux/stratux/main/flarm-nmea.go:138.51,140.16 2 0
github.com/stratux/stratux/main/flarm-nmea.go:140.16,142.3 1 0
github.com/stratux/stratux/main/flarm-nmea.go:143.2,144.19 2 0
github.com/stratux/stratux/main/flarm-nmea.go:145.9,146.10 1 0
github.com/stratux/stratux/main/flarm-nmea.go:147.15,148.10 1 0
github.com/stratux/stratux/main/flarm-nmea.go:149.9,150.10 1 0
github.com/stratux/stratux/main/flarm-nmea.go:151.9,152.11 1 0
github.com/stratux/stratux/main/flarm-nmea.go:153.12,154.11 1 0
github.com/stratux/stratux/main/flarm-nmea.go:155.9,156.10 1 0
github.com/stratux/stratux/main/flarm-nmea.go:157.16,158.11 1 0
github.com/stratux/stratux/main/flarm-nmea.go:159.11,160.11 1 0
github.com/stratux/stratux/main/flarm-nmea.go:161.11,162.11 1 0
github.com/stratux/stratux/main/flarm-nmea.go:163.11,164.11 1 0
github.com/stratux/stratux/main/flarm-nmea.go:166.2,166.12 1 0
github.com/stratux/stratux/main/flarm-nmea.go:174.86,220.23 3 0
github.com/stratux/stratux/main/flarm-nmea.go:220.23,222.3 1 0
github.com/stratux/stratux/main/flarm-nmea.go:222.8,224.3 1 0
github.com/stratux/stratux/main/flarm-nmea.go:227.2,228.24 2 0
github.com/stratux/stratux/main/flarm-nmea.go:228.24,231.3 2 0
github.com/stratux/stratux/main/flarm-nmea.go:232.2,232.26 1 0
github.com/stratux/stratux/main/flarm-nmea.go:232.26,234.3 1 0
github.com/stratux/stratux/main/flarm-nmea.go:243.2,250.20 5 0
github.com/stratux/stratux/main/flarm-nmea.go:250.20,252.3 1 0
github.com/stratux/stratux/main/flarm-nmea.go:254.2,259.22 4 0
github.com/stratux/stratux/main/flarm-nmea.go:259.22,261.3 1 0
github.com/stratux/stratux/main/flarm-nmea.go:263.2,263.23 1 0
github.com/stratux/stratux/main/flarm-nmea.go:263.23,265.3 1 0
github.com/stratux/stratux/main/flarm-nmea.go:265.8,267.3 1 0
github.com/stratux/stratux/main/flarm-nmea.go:269.2,273.8 4 0
github.com/stratux/stratux/main/flarm-nmea.go:281.31,320.51 7 0
github.com/stratux/stratux/main/flarm-nmea.go:320.51,322.3 1 0
github.com/stratux/stratux/main/flarm-nmea.go:324.2,326.13 3 0
github.com/stratux/stratux/main/flarm-nmea.go:326.13,329.3 2 0
github.com/stratux/stratux/main/flarm-nmea.go:331.2,337.13 6 0
github.com/stratux/stratux/main/flarm-nmea.go:337.13,340.3 2 0
github.com/stratux/stratux/main/flarm-nmea.go:342.2,352.36 10 0
github.com/stratux/stratux/main/flarm-nmea.go:352.36,354.3 1 0
github.com/stratux/stratux/main/flarm-nmea.go:354.8,354.43 1 0
github.com/stratux/stratux/main/flarm-nmea.go:354.43,356.3 1 0
github.com/stratux/stratux/main/flarm-nmea.go:358.2,360.18 2 0
github.com/stratux/stratux/main/flarm-nmea.go:360.18,362.3 1 0
github.com/stratux/stratux/main/flarm-nmea.go:362.8,364.3 1 0
github.com/stratux/stratux/main/flarm-nmea.go:365.2,367.12 3 0
github.com/stratux/stratux/main/flarm-nmea.go:370.31,398.13 9 0
github.com/stratux/stratux/main/flarm-nmea.go:398.13,401.3 2 0
github.com/stratux/stratux/main/flarm-nmea.go:403.2,409.13 6 0
github.com/stratux/stratux/main/flarm-nmea.go:409.13,412.3 2 0
github.com/stratux/stratux/main/flarm-nmea.go:414.2,432.18 9 0
github.com/stratux/stratux/main/flarm-nmea.go:432.18,434.3 1 0
github.com/stratux/stratux/main/flarm-nmea.go:434.8,436.3 1 0
github.com/stratux/stratux/main/flarm-nmea.go:438.2,440.12 3 0
github.com/stratux/stratux/main/flarm-nmea.go:444.31,449.2 4 0
github.com/stratux/stratux/main/flarm-nmea.go:451.28,452.50 1 0
github.com/stratux/stratux/main/flarm-nmea.go:452.50,454.3 1 0
github.com/stratux/stratux/main/flarm-nmea.go:456.2,462.47 7 0
github.com/stratux/stratux/main/flarm-nmea.go:462.47,464.3 1 0
github.com/stratux/stratux/main/flarm-nmea.go:465.2,465.48 1 0
github.com/stratux/stratux/main/flarm-nmea.go:465.48,467.3 1 0
github.com/stratux/stratux/main/flarm-nmea.go:468.2,468.54 1 0
github.com/stratux/stratux/main/flarm-nmea.go:468.54,470.3 1 0
github.com/stratux/stratux/main/flarm-nmea.go:471.2,471.51 1 0
github.com/stratux/stratux/main/flarm-nmea.go:471.51,473.3 1 0
github.com/stratux/stratux/main/flarm-nmea.go:474.2,474.51 1 0
github.com/stratux/stratux/main/flarm-nmea.go:474.51,476.3 1 0
github.com/stratux/stratux/main/flarm-nmea.go:477.2,477.48 1 0
github.com/stratux/stratux/main/flarm-nmea.go:477.48,479.3 1 0
github.com/stratux/stratux/main/flarm-nmea.go:481.2,483.51 3 0
github.com/stratux/stratux/main/flarm-nmea.go:486.33,489.2 2 0
github.com/stratux/stratux/main/flarm-nmea.go:492.46,493.15 1 0
github.com/stratux/stratux/main/flarm-nmea.go:493.15,494.31 1 0
github.com/stratux/stratux/main/flarm-nmea.go:494.31,496.4 1 0
github.com/stratux/stratux/main/flarm-nmea.go:499.2,499.27 1 0
github.com/stratux/stratux/main/flarm-nmea.go:499.27,501.3 1 0
github.com/stratux/stratux/main/flarm-nmea.go:501.8,501.34 1 0
github.com/stratux/stratux/main/flarm-nmea.go:501.34,503.3 1 0
github.com/stratux/stratux/main/flarm-nmea.go:506.72,507.24 1 0
github.com/stratux/stratux/main/flarm-nmea.go:507.24,509.3 1 0
github.com/stratux/stratux/main/flarm-nmea.go:509.8,509.25 1 0
github.com/stratux/stratux/main/flarm-nmea.go:509.25,511.3 1 0
github.com/stratux/stratux/main/flarm-nmea.go:512.2,512.17 1 0
github.com/stratux/stratux/main/flarm-nmea.go:515.79,518.20 3 0
github.com/stratux/stratux/main/flarm-nmea.go:518.20,521.3 1 0
github.com/stratux/stratux/main/flarm-nmea.go:522.2,523.28 2 0
github.com/stratux/stratux/main/flarm-nmea.go:523.28,525.3 1 0
github.com/stratux/stratux/main/flarm-nmea.go:528.2,528.37 1 0
github.com/stratux/stratux/main/flarm-nmea.go:528.37,530.3 1 0
github.com/stratux/stratux/main/flarm-nmea.go:532.2,536.8 4 0
github.com/stratux/stratux/main/flarm-nmea.go:539.40,541.23 1 0
github.com/stratux/stratux/main/flarm-nmea.go:541.23,545.3 1 0
github.com/stratux/stratux/main/flarm-nmea.go:546.2,546.99 1 0
github.com/stratux/stratux/main/flarm-nmea.go:546.99,548.3 1 0
github.com/stratux/stratux/main/flarm-nmea.go:549.2,554.19 5 0
github.com/stratux/stratux/main/flarm-nmea.go:554.19,556.3 1 0
github.com/stratux/stratux/main/flarm-nmea.go:558.2,561.24 3 0
github.com/stratux/stratux/main/flarm-nmea.go:561.24,563.3 1 0
github.com/stratux/stratux/main/flarm-nmea.go:564.2,575.9 9 0
github.com/stratux/stratux/main/flarm-nmea.go:575.9,577.3 1 0
github.com/stratux/stratux/main/flarm-nmea.go:578.2,578.8 1 0
github.com/stratux/stratux/main/flarm-nmea.go:578.8,579.76 1 0
github.com/stratux/stratux/main/flarm-nmea.go:579.76,583.4 1 0
github.com/stratux/stratux/main/flarm-nmea.go:584.3,584.18 1 0
github.com/stratux/stratux/main/flarm-nmea.go:586.2,587.23 2 0
github.com/stratux/stratux/main/flarm-nmea.go:587.23,588.21 1 0
github.com/stratux/stratux/main/flarm-nmea.go:588.21,591.4 1 0
github.com/stratux/stratux/main/flarm-nmea.go:591.9,594.4 1 0
github.com/stratux/stratux/main/flarm-nmea.go:596.2,617.25 16 0
github.com/stratux/stratux/main/flarm-nmea.go:620.40,623.23 1 0
github.com/stratux/stratux/main/flarm-nmea.go:623.23,626.3 2 0
github.com/stratux/stratux/main/flarm-nmea.go:627.2,639.17 10 0
github.com/stratux/stratux/main/flarm-nmea.go:639.17,641.3 1 0
github.com/stratux/stratux/main/flarm-nmea.go:641.8,643.3 1 0
github.com/stratux/stratux/main/flarm-nmea.go:645.2,658.40 10 0
github.com/stratux/stratux/main/flarm-nmea.go:658.40,659.76 1 0
github.com/stratux/stratux/main/flarm-nmea.go:659.76,663.4 1 0
github.com/stratux/stratux/main/flarm-nmea.go:665.3,665.18 1 0
github.com/stratux/stratux/main/flarm-nmea.go:667.2,672.23 3 0
github.com/stratux/stratux/main/flarm-nmea.go:672.23,673.21 1 0
github.com/stratux/stratux/main/flarm-nmea.go:673.21,676.4 1 0
github.com/stratux/stratux/main/flarm-nmea.go:676.9,679.4 1 0
github.com/stratux/stratux/main/flarm-nmea.go:681.2,691.18 8 0
github.com/stratux/stratux/main/flarm-nmea.go:691.18,694.3 2 0
github.com/stratux/stratux/main/flarm-nmea.go:696.2,716.25 13 0
github.com/stratux/stratux/main/gen_gdl90.go:243.16,247.26 4 0
github.com/stratux/stratux/main/gen_gdl90.go:247.26,249.40 2 0
github.com/stratux/stratux/main/gen_gdl90.go:249.40,251.27 2 0
github.com/stratux/stratux/main/gen_gdl90.go:251.27,253.5 1 0
github.com/stratux/stratux/main/gen_gdl90.go:254.4,254.24 1 0
github.com/stratux/stratux/main/gen_gdl90.go:256.3,256.22 1 0
github.com/stratux/stratux/main/gen_gdl90.go:261.37,263.33 2 15
github.com/stratux/stratux/main/gen_gdl90.go:263.33,265.3 1 420
github.com/stratux/stratux/main/gen_gdl90.go:266.2,266.12 1 15
github.com/stratux/stratux/main/gen_gdl90.go:269.41,279.33 5 15
github.com/stratux/stratux/main/gen_gdl90.go:279.33,281.35 2 450
github.com/stratux/stratux/main/gen_gdl90.go:281.35,284.4 2 0
github.com/stratux/stratux/main/gen_gdl90.go:285.3,285.24 1 450
github.com/stratux/stratux/main/gen_gdl90.go:288.2,290.12 2 15
github.com/stratux/stratux/main/gen_gdl90.go:293.35,304.2 7 30
github.com/stratux/stratux/main/gen_gdl90.go:306.36,308.2 1 0
github.com/stratux/stratux/main/gen_gdl90.go:310.31,313.36 3 0
github.com/stratux/stratux/main/gen_gdl90.go:313.36,315.3 1 0
github.com/stratux/stratux/main/gen_gdl90.go:316.2,330.58 6 0
github.com/stratux/stratux/main/gen_gdl90.go:330.58,335.3 4 0
github.com/stratux/stratux/main/gen_gdl90.go:335.8,341.3 4 0
github.com/stratux/stratux/main/gen_gdl90.go:343.2,345.28 3 0
github.com/stratux/stratux/main/gen_gdl90.go:345.28,348.3 2 0
github.com/stratux/stratux/main/gen_gdl90.go:348.8,351.3 2 0
github.com/stratux/stratux/main/gen_gdl90.go:353.2,368.28 12 0
github.com/stratux/stratux/main/gen_gdl90.go:368.28,371.3 2 0
github.com/stratux/stratux/main/gen_gdl90.go:371.8,371.31 1 0
github.com/stratux/stratux/main/gen_gdl90.go:371.31,374.3 2 0
github.com/stratux/stratux/main/gen_gdl90.go:374.8,374.25 1 0
github.com/stratux/stratux/main/gen_gdl90.go:374.25,377.3 2 0
github.com/stratux/stratux/main/gen_gdl90.go:379.2,379.15 1 0
github.com/stratux/stratux/main/gen_gdl90.go:379.15,382.3 2 0
github.com/stratux/stratux/main/gen_gdl90.go:384.2,386.49 3 0
github.com/stratux/stratux/main/gen_gdl90.go:386.49,388.3 1 0
github.com/stratux/stratux/main/gen_gdl90.go:390.2,393.54 3 0
github.com/stratux/stratux/main/gen_gdl90.go:393.54,395.3 1 0
github.com/stratux/stratux/main/gen_gdl90.go:395.8,395.36 1 0
github.com/stratux/stratux/main/gen_gdl90.go:395.36,397.3 1 0
github.com/stratux/stratux/main/gen_gdl90.go:400.2,411.28 7 0
github.com/stratux/stratux/main/gen_gdl90.go:411.28,413.3 1 0
github.com/stratux/stratux/main/gen_gdl90.go:413.8,413.36 1 0
github.com/stratux/stratux/main/gen_gdl90.go:413.36,415.3 1 0
github.com/stratux/stratux/main/gen_gdl90.go:417.2,419.22 2 0
github.com/stratux/stratux/main/gen_gdl90.go:419.22,421.3 1 0
github.com/stratux/stratux/main/gen_gdl90.go:422.2,422.20 1 0
github.com/stratux/stratux/main/gen_gdl90.go:422.20,424.3 1 0
github.com/stratux/stratux/main/gen_gdl90.go:426.2,434.22 4 0
github.com/stratux/stratux/main/gen_gdl90.go:434.22,437.20 2 0
github.com/stratux/stratux/main/gen_gdl90.go:437.20,439.4 1 0
github.com/stratux/stratux/main/gen_gdl90.go:441.3,441.34 1 0
github.com/stratux/stratux/main/gen_gdl90.go:441.34,443.4 1 0
github.com/stratux/stratux/main/gen_gdl90.go:446.2,448.20 2 0
github.com/stratux/stratux/main/gen_gdl90.go:448.20,451.23 3 0
github.com/stratux/stratux/main/gen_gdl90.go:451.23,454.4 1 0
github.com/stratux/stratux/main/gen_gdl90.go:458.2,458.20 1 0
github.com/stratux/stratux/main/gen_gdl90.go:458.20,460.3 1 0
github.com/stratux/stratux/main/gen_gdl90.go:463.2,463.34 1 0
github.com/stratux/stratux/main/gen_gdl90.go:463.34,465.3 1 0
github.com/stratux/stratux/main/gen_gdl90.go:467.2,470.13 3 0
github.com/stratux/stratux/main/gen_gdl90.go:473.48,474.19 1 0
github.com/stratux/stratux/main/gen_gdl90.go:474.19,476.3 1 0
github.com/stratux/stratux/main/gen_gdl90.go:477.2,492.13 11 0
github.com/stratux/stratux/main/gen_gdl90.go:502.33,518.40 12 0
github.com/stratux/stratux/main/gen_gdl90.go:518.40,522.3 3 0
github.com/stratux/stratux/main/gen_gdl90.go:522.8,522.46 1 0
github.com/stratux/stratux/main/gen_gdl90.go:522.46,526.3 3 0
github.com/stratux/stratux/main/gen_gdl90.go:526.8,526.46 1 0
github.com/stratux/stratux/main/gen_gdl90.go:526.46,530.3 3 0
github.com/stratux/stratux/main/gen_gdl90.go:533.2,550.18 12 0
github.com/stratux/stratux/main/gen_gdl90.go:550.18,551.36 1 0
github.com/stratux/stratux/main/gen_gdl90.go:552.10,553.15 1 0
github.com/stratux/stratux/main/gen_gdl90.go:554.10,555.15 1 0
github.com/stratux/stratux/main/gen_gdl90.go:556.11,556.11 0 0
github.com/stratux/stratux/main/gen_gdl90.go:561.2,561.19 1 0
github.com/stratux/stratux/main/gen_gdl90.go:561.19,563.3 1 0
github.com/stratux/stratux/main/gen_gdl90.go:566.2,566.24 1 0
github.com/stratux/stratux/main/gen_gdl90.go:566.24,568.3 1 0
github.com/stratux/stratux/main/gen_gdl90.go:571.2,571.49 1 0
github.com/stratux/stratux/main/gen_gdl90.go:571.49,573.3 1 0
github.com/stratux/stratux/main/gen_gdl90.go:576.2,576.32 1 0
github.com/stratux/stratux/main/gen_gdl90.go:576.32,578.3 1 0
github.com/stratux/stratux/main/gen_gdl90.go:581.2,581.31 1 0
github.com/stratux/stratux/main/gen_gdl90.go:581.31,583.3 1 0
github.com/stratux/stratux/main/gen_gdl90.go:586.2,586.33 1 0
github.com/stratux/stratux/main/gen_gdl90.go:586.33,588.3 1 0
github.com/stratux/stratux/main/gen_gdl90.go:591.2,591.33 1 0
github.com/stratux/stratux/main/gen_gdl90.go:591.33,593.3 1 0
github.com/stratux/stratux/main/gen_gdl90.go:596.2,596.32 1 0
github.com/stratux/stratux/main/gen_gdl90.go:596.32,598.3 1 0
github.com/stratux/stratux/main/gen_gdl90.go:601.2,601.39 1 0
github.com/stratux/stratux/main/gen_gdl90.go:601.39,603.3 1 0
github.com/stratux/stratux/main/gen_gdl90.go:608.2,611.31 2 0
github.com/stratux/stratux/main/gen_gdl90.go:611.31,613.3 1 0
github.com/stratux/stratux/main/gen_gdl90.go:616.2,648.35 17 0
github.com/stratux/stratux/main/gen_gdl90.go:648.35,658.3 8 0
github.com/stratux/stratux/main/gen_gdl90.go:659.2,660.28 2 0
github.com/stratux/stratux/main/gen_gdl90.go:673.36,677.18 4 0
github.com/stratux/stratux/main/gen_gdl90.go:677.18,679.3 1 0
github.com/stratux/stratux/main/gen_gdl90.go:680.2,680.19 1 0
github.com/stratux/stratux/main/gen_gdl90.go:680.19,682.3 1 0
github.com/stratux/stratux/main/gen_gdl90.go:684.2,687.28 3 0
github.com/stratux/stratux/main/gen_gdl90.go:695.31,701.27 5 0
github.com/stratux/stratux/main/gen_gdl90.go:701.27,703.3 1 0
github.com/stratux/stratux/main/gen_gdl90.go:704.2,705.27 2 0
github.com/stratux/stratux/main/gen_gdl90.go:705.27,707.3 1 0
github.com/stratux/stratux/main/gen_gdl90.go:708.2,711.27 3 0
github.com/stratux/stratux/main/gen_gdl90.go:711.27,713.3 1 0
github.com/stratux/stratux/main/gen_gdl90.go:714.2,720.28 3 0
github.com/stratux/stratux/main/gen_gdl90.go:723.29,728.18 4 0
github.com/stratux/stratux/main/gen_gdl90.go:728.18,730.3 1 0
github.com/stratux/stratux/main/gen_gdl90.go:731.2,734.34 2 0
github.com/stratux/stratux/main/gen_gdl90.go:734.34,736.3 1 0
github.com/stratux/stratux/main/gen_gdl90.go:738.2,751.28 7 0
github.com/stratux/stratux/main/gen_gdl90.go:754.47,762.32 6 0
github.com/stratux/stratux/main/gen_gdl90.go:762.32,764.3 1 0
github.com/stratux/stratux/main/gen_gdl90.go:766.2,767.31 2 0
github.com/stratux/stratux/main/gen_gdl90.go:767.31,769.3 1 0
github.com/stratux/stratux/main/gen_gdl90.go:770.2,770.47 1 0
github.com/stratux/stratux/main/gen_gdl90.go:773.23,776.6 3 0
github.com/stratux/stratux/main/gen_gdl90.go:776.6,781.71 4 0
github.com/stratux/stratux/main/gen_gdl90.go:781.71,783.4 1 0
github.com/stratux/stratux/main/gen_gdl90.go:788.27,796.2 6 0
github.com/stratux/stratux/main/gen_gdl90.go:798.24,802.6 4 0
github.com/stratux/stratux/main/gen_gdl90.go:802.6,803.10 1 0
github.com/stratux/stratux/main/gen_gdl90.go:804.18,808.37 1 0
github.com/stratux/stratux/main/gen_gdl90.go:808.37,809.32 1 0
github.com/stratux/stratux/main/gen_gdl90.go:809.32,812.6 1 0
github.com/stratux/stratux/main/gen_gdl90.go:813.10,813.27 1 0
github.com/stratux/stratux/main/gen_gdl90.go:813.27,817.5 2 0
github.com/stratux/stratux/main/gen_gdl90.go:819.4,823.130 4 0
github.com/stratux/stratux/main/gen_gdl90.go:823.130,825.5 1 0
github.com/stratux/stratux/main/gen_gdl90.go:826.4,847.18 3 0
github.com/stratux/stratux/main/gen_gdl90.go:848.30,850.24 1 0
github.com/stratux/stratux/main/gen_gdl90.go:855.26,859.2 3 0
github.com/stratux/stratux/main/gen_gdl90.go:861.27,876.34 11 0
github.com/stratux/stratux/main/gen_gdl90.go:876.34,880.3 3 0
github.com/stratux/stratux/main/gen_gdl90.go:882.2,882.25 1 0
github.com/stratux/stratux/main/gen_gdl90.go:882.25,883.63 1 0
github.com/stratux/stratux/main/gen_gdl90.go:883.63,885.46 2 0
github.com/stratux/stratux/main/gen_gdl90.go:885.46,887.39 2 0
github.com/stratux/stratux/main/gen_gdl90.go:887.39,890.39 2 0
github.com/stratux/stratux/main/gen_gdl90.go:890.39,896.7 5 0
github.com/stratux/stratux/main/gen_gdl90.go:898.6,903.61 5 0
github.com/stratux/stratux/main/gen_gdl90.go:903.61,905.7 1 0
github.com/stratux/stratux/main/gen_gdl90.go:906.6,906.27 1 0
github.com/stratux/stratux/main/gen_gdl90.go:908.10,908.52 1 0
github.com/stratux/stratux/main/gen_gdl90.go:908.52,910.5 1 0
github.com/stratux/stratux/main/gen_gdl90.go:910.10,910.53 1 0
github.com/stratux/stratux/main/gen_gdl90.go:910.53,912.5 1 0
github.com/stratux/stratux/main/gen_gdl90.go:912.10,912.53 1 0
github.com/stratux/stratux/main/gen_gdl90.go:912.53,914.5 1 0
github.com/stratux/stratux/main/gen_gdl90.go:917.2,924.62 6 0
github.com/stratux/stratux/main/gen_gdl90.go:924.62,926.3 1 0
github.com/stratux/stratux/main/gen_gdl90.go:927.2,927.60 1 0
github.com/stratux/stratux/main/gen_gdl90.go:927.60,929.3 1 0
github.com/stratux/stratux/main/gen_gdl90.go:930.2,930.62 1 0
github.com/stratux/stratux/main/gen_gdl90.go:930.62,932.3 1 0
github.com/stratux/stratux/main/gen_gdl90.go:933.2,933.62 1 0
github.com/stratux/stratux/main/gen_gdl90.go:933.62,935.3 1 0
github.com/stratux/stratux/main/gen_gdl90.go:938.2,938.34 1 0
github.com/stratux/stratux/main/gen_gdl90.go:938.34,939.69 1 0
github.com/stratux/stratux/main/gen_gdl90.go:939.69,941.4 1 0
github.com/stratux/stratux/main/gen_gdl90.go:941.9,943.4 1 0
github.com/stratux/stratux/main/gen_gdl90.go:944.3,944.23 1 0
github.com/stratux/stratux/main/gen_gdl90.go:949.21,950.36 1 0
github.com/stratux/stratux/main/gen_gdl90.go:950.36,952.3 1 0
github.com/stratux/stratux/main/gen_gdl90.go:952.8,952.43 1 0
github.com/stratux/stratux/main/gen_gdl90.go:952.43,954.3 1 0
github.com/stratux/stratux/main/gen_gdl90.go:954.8,954.43 1 0
github.com/stratux/stratux/main/gen_gdl90.go:954.43,956.3 1 0
github.com/stratux/stratux/main/gen_gdl90.go:956.8,956.43 1 0
github.com/stratux/stratux/main/gen_gdl90.go:956.43,958.3 1 0
github.com/stratux/stratux/main/gen_gdl90.go:958.8,960.3 1 0
github.com/stratux/stratux/main/gen_gdl90.go:962.2,962.58 1 0
github.com/stratux/stratux/main/gen_gdl90.go:962.58,974.3 9 0
github.com/stratux/stratux/main/gen_gdl90.go:976.2,991.33 12 0
github.com/stratux/stratux/main/gen_gdl90.go:991.33,992.59 1 0
github.com/stratux/stratux/main/gen_gdl90.go:992.59,994.4 1 0
github.com/stratux/stratux/main/gen_gdl90.go:996.2,996.47 1 0
github.com/stratux/stratux/main/gen_gdl90.go:1008.75,1010.16 2 0
github.com/stratux/stratux/main/gen_gdl90.go:1010.16,1012.3 1 0
github.com/stratux/stratux/main/gen_gdl90.go:1014.2,1016.44 2 0
github.com/stratux/stratux/main/gen_gdl90.go:1016.44,1018.3 1 0
github.com/stratux/stratux/main/gen_gdl90.go:1019.2,1019.44 1 0
github.com/stratux/stratux/main/gen_gdl90.go:1019.44,1021.3 1 0
github.com/stratux/stratux/main/gen_gdl90.go:1022.2,1022.21 1 0
github.com/stratux/stratux/main/gen_gdl90.go:1022.21,1024.3 1 0
github.com/stratux/stratux/main/gen_gdl90.go:1025.2,1025.21 1 0
github.com/stratux/stratux/main/gen_gdl90.go:1025.21,1027.3 1 0
github.com/stratux/stratux/main/gen_gdl90.go:1028.2,1035.28 6 0
github.com/stratux/stratux/main/gen_gdl90.go:1038.39,1039.19 1 0
github.com/stratux/stratux/main/gen_gdl90.go:1040.13,1041.33 1 0
github.com/stratux/stratux/main/gen_gdl90.go:1042.13,1043.31 1 0
github.com/stratux/stratux/main/gen_gdl90.go:1044.74,1045.34 1 0
github.com/stratux/stratux/main/gen_gdl90.go:1047.47,1048.34 1 0
github.com/stratux/stratux/main/gen_gdl90.go:1049.13,1050.33 1 0
github.com/stratux/stratux/main/gen_gdl90.go:1051.9,1052.33 1 0
github.com/stratux/stratux/main/gen_gdl90.go:1053.11,1055.9 1 0
github.com/stratux/stratux/main/gen_gdl90.go:1056.10,1057.33 1 0
github.com/stratux/stratux/main/gen_gdl90.go:1061.46,1065.17 3 0
github.com/stratux/stratux/main/gen_gdl90.go:1065.17,1067.3 1 0
github.com/stratux/stratux/main/gen_gdl90.go:1068.2,1072.17 4 0
github.com/stratux/stratux/main/gen_gdl90.go:1072.17,1074.3 1 0
github.com/stratux/stratux/main/gen_gdl90.go:1076.2,1078.33 2 0
github.com/stratux/stratux/main/gen_gdl90.go:1078.33,1082.35 2 0
github.com/stratux/stratux/main/gen_gdl90.go:1082.35,1084.53 2 0
github.com/stratux/stratux/main/gen_gdl90.go:1084.53,1086.48 2 0
github.com/stratux/stratux/main/gen_gdl90.go:1086.48,1088.6 1 0
github.com/stratux/stratux/main/gen_gdl90.go:1089.11,1091.5 0 0
github.com/stratux/stratux/main/gen_gdl90.go:1095.2,1095.17 1 0
github.com/stratux/stratux/main/gen_gdl90.go:1095.17,1097.3 1 0
github.com/stratux/stratux/main/gen_gdl90.go:1098.2,1100.51 3 0
github.com/stratux/stratux/main/gen_gdl90.go:1100.51,1105.3 3 0
github.com/stratux/stratux/main/gen_gdl90.go:1106.2,1106.19 1 0
github.com/stratux/stratux/main/gen_gdl90.go:1106.19,1108.3 1 0
github.com/stratux/stratux/main/gen_gdl90.go:1110.2,1110.51 1 0
github.com/stratux/stratux/main/gen_gdl90.go:1110.51,1112.3 1 0
github.com/stratux/stratux/main/gen_gdl90.go:1112.8,1112.25 1 0
github.com/stratux/stratux/main/gen_gdl90.go:1112.25,1115.3 1 0
github.com/stratux/stratux/main/gen_gdl90.go:1115.8,1115.25 1 0
github.com/stratux/stratux/main/gen_gdl90.go:1115.25,1117.3 1 0
github.com/stratux/stratux/main/gen_gdl90.go:1117.8,1117.25 1 0
github.com/stratux/stratux/main/gen_gdl90.go:1117.25,1119.3 1 0
github.com/stratux/stratux/main/gen_gdl90.go:1119.8,1121.3 1 0
github.com/stratux/stratux/main/gen_gdl90.go:1123.2,1123.18 1 0
github.com/stratux/stratux/main/gen_gdl90.go:1123.18,1125.3 1 0
github.com/stratux/stratux/main/gen_gdl90.go:1128.2,1136.28 8 0
github.com/stratux/stratux/main/gen_gdl90.go:1136.28,1138.3 1 0
github.com/stratux/stratux/main/gen_gdl90.go:1138.8,1140.3 1 0
github.com/stratux/stratux/main/gen_gdl90.go:1141.2,1142.31 2 0
github.com/stratux/stratux/main/gen_gdl90.go:1142.31,1145.17 2 0
github.com/stratux/stratux/main/gen_gdl90.go:1145.17,1150.36 4 0
github.com/stratux/stratux/main/gen_gdl90.go:1150.36,1154.5 3 0
github.com/stratux/stratux/main/gen_gdl90.go:1156.4,1157.34 2 0
github.com/stratux/stratux/main/gen_gdl90.go:1157.34,1159.5 1 0
github.com/stratux/stratux/main/gen_gdl90.go:1160.4,1160.27 1 0
github.com/stratux/stratux/main/gen_gdl90.go:1164.2,1167.23 3 0
github.com/stratux/stratux/main/gen_gdl90.go:1170.50,1172.13 2 0
github.com/stratux/stratux/main/gen_gdl90.go:1172.13,1174.3 1 0
github.com/stratux/stratux/main/gen_gdl90.go:1176.2,1176.69 1 0
github.com/stratux/stratux/main/gen_gdl90.go:1176.69,1178.3 1 0
github.com/stratux/stratux/main/gen_gdl90.go:1180.2,1180.48 1 0
github.com/stratux/stratux/main/gen_gdl90.go:1322.24,1384.2 38 0
github.com/stratux/stratux/main/gen_gdl90.go:1386.21,1390.16 3 0
github.com/stratux/stratux/main/gen_gdl90.go:1390.16,1393.3 2 0
github.com/stratux/stratux/main/gen_gdl90.go:1394.2,1397.16 4 0
github.com/stratux/stratux/main/gen_gdl90.go:1397.16,1400.3 2 0
github.com/stratux/stratux/main/gen_gdl90.go:1401.2,1402.16 2 0
github.com/stratux/stratux/main/gen_gdl90.go:1402.16,1405.3 2 0
github.com/stratux/stratux/main/gen_gdl90.go:1406.2,1406.35 1 0
github.com/stratux/stratux/main/gen_gdl90.go:1409.32,1411.2 1 0
github.com/stratux/stratux/main/gen_gdl90.go:1416.44,1418.41 2 0
github.com/stratux/stratux/main/gen_gdl90.go:1418.41,1419.41 1 0
github.com/stratux/stratux/main/gen_gdl90.go:1419.41,1420.19 1 0
github.com/stratux/stratux/main/gen_gdl90.go:1420.19,1422.10 2 0
github.com/stratux/stratux/main/gen_gdl90.go:1426.2,1427.26 2 0
github.com/stratux/stratux/main/gen_gdl90.go:1430.75,1432.37 2 0
github.com/stratux/stratux/main/gen_gdl90.go:1432.37,1437.3 3 0
github.com/stratux/stratux/main/gen_gdl90.go:1439.2,1439.26 1 0
github.com/stratux/stratux/main/gen_gdl90.go:1442.29,1444.16 2 0
github.com/stratux/stratux/main/gen_gdl90.go:1444.16,1446.3 1 0
github.com/stratux/stratux/main/gen_gdl90.go:1446.8,1448.3 1 0
github.com/stratux/stratux/main/gen_gdl90.go:1451.21,1453.16 2 0
github.com/stratux/stratux/main/gen_gdl90.go:1453.16,1456.3 2 0
github.com/stratux/stratux/main/gen_gdl90.go:1457.2,1461.33 5 0
github.com/stratux/stratux/main/gen_gdl90.go:1464.29,1467.39 1 0
github.com/stratux/stratux/main/gen_gdl90.go:1468.9,1471.39 3 0
github.com/stratux/stratux/main/gen_gdl90.go:1472.9,1475.38 3 0
github.com/stratux/stratux/main/gen_gdl90.go:1476.10,1476.10 0 0
github.com/stratux/stratux/main/gen_gdl90.go:1479.2,1479.16 1 0
github.com/stratux/stratux/main/gen_gdl90.go:1482.66,1485.16 2 0
github.com/stratux/stratux/main/gen_gdl90.go:1485.16,1488.3 2 0
github.com/stratux/stratux/main/gen_gdl90.go:1490.2,1491.16 2 0
github.com/stratux/stratux/main/gen_gdl90.go:1491.16,1493.3 1 0
github.com/stratux/stratux/main/gen_gdl90.go:1493.8,1495.3 1 0
github.com/stratux/stratux/main/gen_gdl90.go:1497.2,1501.17 4 0
github.com/stratux/stratux/main/gen_gdl90.go:1509.36,1512.16 3 0
github.com/stratux/stratux/main/gen_gdl90.go:1512.16,1514.3 1 0
github.com/stratux/stratux/main/gen_gdl90.go:1515.2,1516.12 2 0
github.com/stratux/stratux/main/gen_gdl90.go:1519.19,1521.6 2 0
github.com/stratux/stratux/main/gen_gdl90.go:1521.6,1532.33 10 0
github.com/stratux/stratux/main/gen_gdl90.go:1532.33,1535.4 2 0
github.com/stratux/stratux/main/gen_gdl90.go:1536.3,1538.40 3 0
github.com/stratux/stratux/main/gen_gdl90.go:1538.40,1540.4 1 0
github.com/stratux/stratux/main/gen_gdl90.go:1541.3,1541.40 1 0
github.com/stratux/stratux/main/gen_gdl90.go:1541.40,1543.4 1 0
github.com/stratux/stratux/main/gen_gdl90.go:1544.3,1544.29 1 0
github.com/stratux/stratux/main/gen_gdl90.go:1544.29,1546.4 1 0
github.com/stratux/stratux/main/gen_gdl90.go:1548.3,1548.27 1 0
github.com/stratux/stratux/main/gen_gdl90.go:1548.27,1550.4 1 0
github.com/stratux/stratux/main/gen_gdl90.go:1551.3,1551.14 1 0
github.com/stratux/stratux/main/gen_gdl90.go:1557.50,1561.6 4 0
github.com/stratux/stratux/main/gen_gdl90.go:1561.6,1563.17 2 0
github.com/stratux/stratux/main/gen_gdl90.go:1563.17,1564.9 1 0
github.com/stratux/stratux/main/gen_gdl90.go:1566.3,1567.25 2 0
github.com/stratux/stratux/main/gen_gdl90.go:1567.25,1568.12 1 0
github.com/stratux/stratux/main/gen_gdl90.go:1570.3,1570.30 1 0
github.com/stratux/stratux/main/gen_gdl90.go:1570.30,1572.4 1 0
github.com/stratux/stratux/main/gen_gdl90.go:1572.9,1574.18 2 0
github.com/stratux/stratux/main/gen_gdl90.go:1574.18,1576.13 2 0
github.com/stratux/stratux/main/gen_gdl90.go:1578.4,1580.32 2 0
github.com/stratux/stratux/main/gen_gdl90.go:1580.32,1582.5 1 0
github.com/stratux/stratux/main/gen_gdl90.go:1582.10,1584.5 1 0
github.com/stratux/stratux/main/gen_gdl90.go:1586.4,1589.32 4 0
github.com/stratux/stratux/main/gen_gdl90.go:1589.32,1591.5 1 0
github.com/stratux/stratux/main/gen_gdl90.go:1592.4,1592.15 1 0
github.com/stratux/stratux/main/gen_gdl90.go:1595.2,1595.22 1 0
github.com/stratux/stratux/main/gen_gdl90.go:1598.43,1600.16 2 0
github.com/stratux/stratux/main/gen_gdl90.go:1600.16,1604.3 3 0
github.com/stratux/stratux/main/gen_gdl90.go:1606.2,1607.34 2 0
github.com/stratux/stratux/main/gen_gdl90.go:1607.34,1609.17 2 0
github.com/stratux/stratux/main/gen_gdl90.go:1609.17,1613.4 3 0
github.com/stratux/stratux/main/gen_gdl90.go:1614.8,1616.3 1 0
github.com/stratux/stratux/main/gen_gdl90.go:1618.2,1618.12 1 0
github.com/stratux/stratux/main/gen_gdl90.go:1625.25,1632.20 4 0
github.com/stratux/stratux/main/gen_gdl90.go:1632.20,1634.3 1 0
github.com/stratux/stratux/main/gen_gdl90.go:1636.2,1641.18 2 0
github.com/stratux/stratux/main/gen_gdl90.go:1645.28,1647.44 2 0
github.com/stratux/stratux/main/gen_gdl90.go:1647.44,1649.3 1 0
github.com/stratux/stratux/main/gen_gdl90.go:1650.2,1651.11 2 0
github.com/stratux/stratux/main/gen_gdl90.go:1651.11,1653.3 1 0
github.com/stratux/stratux/main/gen_gdl90.go:1654.2,1654.39 1 0
github.com/stratux/stratux/main/gen_gdl90.go:1657.22,1658.6 1 0
github.com/stratux/stratux/main/gen_gdl90.go:1658.6,1664.3 4 0
github.com/stratux/stratux/main/gen_gdl90.go:1667.28,1669.2 1 0
github.com/stratux/stratux/main/gen_gdl90.go:1671.13,1678.31 4 0
github.com/stratux/stratux/main/gen_gdl90.go:1678.31,1681.17 2 0
github.com/stratux/stratux/main/gen_gdl90.go:1681.17,1684.4 2 0
github.com/stratux/stratux/main/gen_gdl90.go:1685.3,1687.36 2 0
github.com/stratux/stratux/main/gen_gdl90.go:1691.2,1702.26 8 0
github.com/stratux/stratux/main/gen_gdl90.go:1702.26,1704.3 1 0
github.com/stratux/stratux/main/gen_gdl90.go:1705.2,1710.62 4 0
github.com/stratux/stratux/main/gen_gdl90.go:1710.62,1713.3 2 0
github.com/stratux/stratux/main/gen_gdl90.go:1713.8,1715.3 1 0
github.com/stratux/stratux/main/gen_gdl90.go:1717.2,1717.59 1 0
github.com/stratux/stratux/main/gen_gdl90.go:1717.59,1719.3 1 0
github.com/stratux/stratux/main/gen_gdl90.go:1720.2,1746.23 18 0
github.com/stratux/stratux/main/gen_gdl90.go:1746.23,1748.17 2 0
github.com/stratux/stratux/main/gen_gdl90.go:1748.17,1750.4 1 0
github.com/stratux/stratux/main/gen_gdl90.go:1751.3,1752.27 2 0
github.com/stratux/stratux/main/gen_gdl90.go:1755.2,1761.36 3 0
github.com/stratux/stratux/main/gen_gdl90.go:1761.36,1763.3 1 0
github.com/stratux/stratux/main/gen_gdl90.go:1765.2,1766.25 2 0
github.com/stratux/stratux/main/gen_gdl90.go:1766.25,1770.3 3 0
github.com/stratux/stratux/main/gen_gdl90.go:1772.2,1782.24 7 0
github.com/stratux/stratux/main/gen_gdl90.go:1782.24,1786.3 3 0
github.com/stratux/stratux/main/gen_gdl90.go:1787.2,1791.25 2 0
github.com/stratux/stratux/main/gen_gdl90.go:1791.25,1794.3 2 0
github.com/stratux/stratux/main/gen_gdl90.go:1796.2,1796.42 1 0
github.com/stratux/stratux/main/gen_gdl90.go:1796.42,1798.3 1 0
github.com/stratux/stratux/main/gen_gdl90.go:1800.2,1800.24 1 0
github.com/stratux/stratux/main/gen_gdl90.go:1800.24,1806.3 2 0
github.com/stratux/stratux/main/gen_gdl90.go:1809.2,1830.49 10 0
github.com/stratux/stratux/main/gen_gdl90.go:1830.49,1832.129 2 0
github.com/stratux/stratux/main/gen_gdl90.go:1832.129,1834.4 1 0
github.com/stratux/stratux/main/gen_gdl90.go:1835.3,1835.129 1 0
github.com/stratux/stratux/main/gen_gdl90.go:1835.129,1837.4 1 0
github.com/stratux/stratux/main/gen_gdl90.go:1841.2,1843.23 2 0
github.com/stratux/stratux/main/gen_gdl90.go:1843.23,1845.34 2 0
github.com/stratux/stratux/main/gen_gdl90.go:1845.34,1847.4 1 0
github.com/stratux/stratux/main/gen_gdl90.go:1848.3,1849.9 2 0
github.com/stratux/stratux/main/gen_gdl90.go:1852.2,1854.25 2 0
github.com/stratux/stratux/main/gen_gdl90.go:1854.25,1861.7 5 0
github.com/stratux/stratux/main/gen_gdl90.go:1861.7,1863.21 2 0
github.com/stratux/stratux/main/gen_gdl90.go:1863.21,1866.5 1 0
github.com/stratux/stratux/main/gen_gdl90.go:1869.8,1869.31 1 0
github.com/stratux/stratux/main/gen_gdl90.go:1869.31,1870.7 1 0
github.com/stratux/stratux/main/gen_gdl90.go:1870.7,1872.18 2 0
github.com/stratux/stratux/main/gen_gdl90.go:1872.18,1874.10 2 0
github.com/stratux/stratux/main/gen_gdl90.go:1876.4,1877.32 2 0
github.com/stratux/stratux/main/gen_gdl90.go:1877.32,1879.5 1 0
github.com/stratux/stratux/main/gen_gdl90.go:1881.8,1883.10 1 0
github.com/stratux/stratux/main/gps.go:174.35,176.32 2 0
github.com/stratux/stratux/main/gps.go:176.32,179.3 2 0
github.com/stratux/stratux/main/gps.go:180.2,180.12 1 0
github.com/stratux/stratux/main/gps.go:190.67,203.2 12 0
github.com/stratux/stratux/main/gps.go:205.37,207.21 2 0
github.com/stratux/stratux/main/gps.go:207.21,209.3 1 0
github.com/stratux/stratux/main/gps.go:210.2,210.62 1 0
github.com/stratux/stratux/main/gps.go:213.91,214.21 1 0
github.com/stratux/stratux/main/gps.go:214.21,216.3 1 0
github.com/stratux/stratux/main/gps.go:216.8,216.27 1 0
github.com/stratux/stratux/main/gps.go:216.27,218.3 1 0
github.com/stratux/stratux/main/gps.go:219.2,220.18 2 0
github.com/stratux/stratux/main/gps.go:220.18,222.3 1 0
github.com/stratux/stratux/main/gps.go:223.2,223.37 1 0
github.com/stratux/stratux/main/gps.go:226.27,229.65 3 0
github.com/stratux/stratux/main/gps.go:229.65,231.3 1 0
github.com/stratux/stratux/main/gps.go:233.2,238.36 5 0
github.com/stratux/stratux/main/gps.go:238.36,246.15 5 0
github.com/stratux/stratux/main/gps.go:247.17,247.17 0 0
github.com/stratux/stratux/main/gps.go:248.17,251.9 3 0
github.com/stratux/stratux/main/gps.go:252.17,255.9 3 0
github.com/stratux/stratux/main/gps.go:256.17,259.9 3 0
github.com/stratux/stratux/main/gps.go:260.18,263.9 3 0
github.com/stratux/stratux/main/gps.go:264.16,267.9 3 0
github.com/stratux/stratux/main/gps.go:268.11,270.108 2 0
github.com/stratux/stratux/main/gps.go:273.8,273.57 1 0
github.com/stratux/stratux/main/gps.go:273.57,278.3 3 0
github.com/stratux/stratux/main/gps.go:278.8,278.57 1 0
github.com/stratux/stratux/main/gps.go:278.57,284.3 4 0
github.com/stratux/stratux/main/gps.go:284.8,284.57 1 0
github.com/stratux/stratux/main/gps.go:284.57,289.3 3 0
github.com/stratux/stratux/main/gps.go:289.8,289.57 1 0
github.com/stratux/stratux/main/gps.go:289.57,294.3 3 0
github.com/stratux/stratux/main/gps.go:294.8,294.60 1 0
github.com/stratux/stratux/main/gps.go:294.60,302.3 4 0
github.com/stratux/stratux/main/gps.go:302.8,302.59 1 0
github.com/stratux/stratux/main/gps.go:302.59,307.3 3 0
github.com/stratux/stratux/main/gps.go:307.8,307.64 1 0
github.com/stratux/stratux/main/gps.go:307.64,311.3 3 0
github.com/stratux/stratux/main/gps.go:311.8,311.58 1 0
github.com/stratux/stratux/main/gps.go:311.58,320.3 6 0
github.com/stratux/stratux/main/gps.go:320.8,323.3 2 0
github.com/stratux/stratux/main/gps.go:325.2,332.16 3 0
github.com/stratux/stratux/main/gps.go:332.16,335.3 2 0
github.com/stratux/stratux/main/gps.go:336.2,338.14 2 0
github.com/stratux/stratux/main/gps.go:338.14,357.27 10 0
github.com/stratux/stratux/main/gps.go:357.27,359.4 1 0
github.com/stratux/stratux/main/gps.go:360.8,364.54 1 0
github.com/stratux/stratux/main/gps.go:364.54,381.54 1 0
github.com/stratux/stratux/main/gps.go:381.54,385.4 2 0
github.com/stratux/stratux/main/gps.go:385.9,385.61 1 0
github.com/stratux/stratux/main/gps.go:385.61,389.4 2 0
github.com/stratux/stratux/main/gps.go:389.9,389.64 1 0
github.com/stratux/stratux/main/gps.go:389.64,402.4 11 0
github.com/stratux/stratux/main/gps.go:404.3,448.103 27 0
github.com/stratux/stratux/main/gps.go:449.8,449.69 1 0
github.com/stratux/stratux/main/gps.go:449.69,453.3 3 0
github.com/stratux/stratux/main/gps.go:455.2,455.17 1 0
github.com/stratux/stratux/main/gps.go:455.17,462.17 4 0
github.com/stratux/stratux/main/gps.go:462.17,465.4 2 0
github.com/stratux/stratux/main/gps.go:468.2,470.41 2 0
github.com/stratux/stratux/main/gps.go:470.41,472.3 1 0
github.com/stratux/stratux/main/gps.go:473.2,473.13 1 0
github.com/stratux/stratux/main/gps.go:477.83,478.25 1 0
github.com/stratux/stratux/main/gps.go:478.25,481.3 2 0
github.com/stratux/stratux/main/gps.go:481.8,482.34 1 0
github.com/stratux/stratux/main/gps.go:482.34,486.18 4 0
github.com/stratux/stratux/main/gps.go:486.18,488.5 1 0
github.com/stratux/stratux/main/gps.go:489.4,496.34 6 0
github.com/stratux/stratux/main/gps.go:496.34,498.20 2 0
github.com/stratux/stratux/main/gps.go:498.20,505.6 3 0
github.com/stratux/stratux/main/gps.go:507.4,509.38 3 0
github.com/stratux/stratux/main/gps.go:511.3,512.72 2 0
github.com/stratux/stratux/main/gps.go:516.48,535.2 16 0
github.com/stratux/stratux/main/gps.go:537.48,553.2 14 0
github.com/stratux/stratux/main/gps.go:555.64,600.19 30 0
github.com/stratux/stratux/main/gps.go:600.19,602.3 1 0
github.com/stratux/stratux/main/gps.go:602.8,602.25 1 0
github.com/stratux/stratux/main/gps.go:602.25,604.3 1 0
github.com/stratux/stratux/main/gps.go:604.8,604.25 1 0
github.com/stratux/stratux/main/gps.go:604.25,606.3 1 0
github.com/stratux/stratux/main/gps.go:606.8,606.25 1 0
github.com/stratux/stratux/main/gps.go:606.25,608.3 1 0
github.com/stratux/stratux/main/gps.go:610.2,610.77 1 0
github.com/stratux/stratux/main/gps.go:613.39,615.20 2 0
github.com/stratux/stratux/main/gps.go:615.20,617.15 2 0
github.com/stratux/stratux/main/gps.go:617.15,619.4 1 0
github.com/stratux/stratux/main/gps.go:620.3,621.13 2 0
github.com/stratux/stratux/main/gps.go:621.13,623.34 2 0
github.com/stratux/stratux/main/gps.go:623.34,625.5 1 0
github.com/stratux/stratux/main/gps.go:638.52,640.62 1 0
github.com/stratux/stratux/main/gps.go:640.62,642.3 1 0
github.com/stratux/stratux/main/gps.go:645.2,649.19 4 0
github.com/stratux/stratux/main/gps.go:649.19,651.3 1 0
github.com/stratux/stratux/main/gps.go:653.2,654.16 2 0
github.com/stratux/stratux/main/gps.go:654.16,656.3 1 0
github.com/stratux/stratux/main/gps.go:658.2,659.23 2 0
github.com/stratux/stratux/main/gps.go:659.23,661.3 1 0
github.com/stratux/stratux/main/gps.go:663.2,663.25 1 0
github.com/stratux/stratux/main/gps.go:663.25,665.3 1 0
github.com/stratux/stratux/main/gps.go:667.2,667.20 1 0
github.com/stratux/stratux/main/gps.go:675.60,676.57 1 0
github.com/stratux/stratux/main/gps.go:676.57,681.3 2 0
github.com/stratux/stratux/main/gps.go:696.29,703.17 5 0
github.com/stratux/stratux/main/gps.go:703.17,706.3 2 0
github.com/stratux/stratux/main/gps.go:706.8,706.24 1 0
github.com/stratux/stratux/main/gps.go:706.24,712.3 4 0
github.com/stratux/stratux/main/gps.go:715.2,715.76 1 0
github.com/stratux/stratux/main/gps.go:715.76,721.3 5 0
github.com/stratux/stratux/main/gps.go:724.2,729.12 4 0
github.com/stratux/stratux/main/gps.go:729.12,732.3 2 0
github.com/stratux/stratux/main/gps.go:737.2,737.12 1 0
github.com/stratux/stratux/main/gps.go:737.12,739.87 2 0
github.com/stratux/stratux/main/gps.go:739.87,741.4 1 0
github.com/stratux/stratux/main/gps.go:741.9,745.4 2 0
github.com/stratux/stratux/main/gps.go:748.3,750.31 3 0
github.com/stratux/stratux/main/gps.go:750.31,752.4 1 0
github.com/stratux/stratux/main/gps.go:753.3,754.24 2 0
github.com/stratux/stratux/main/gps.go:754.24,756.32 2 0
github.com/stratux/stratux/main/gps.go:756.32,758.5 1 0
github.com/stratux/stratux/main/gps.go:762.3,764.13 3 0
github.com/stratux/stratux/main/gps.go:764.13,767.4 2 0
github.com/stratux/stratux/main/gps.go:767.9,767.20 1 0
github.com/stratux/stratux/main/gps.go:767.20,770.4 2 0
github.com/stratux/stratux/main/gps.go:777.2,825.30 11 0
github.com/stratux/stratux/main/gps.go:825.30,826.83 1 0
github.com/stratux/stratux/main/gps.go:826.83,830.4 3 0
github.com/stratux/stratux/main/gps.go:832.2,833.22 2 0
github.com/stratux/stratux/main/gps.go:833.22,836.3 2 0
github.com/stratux/stratux/main/gps.go:836.8,836.29 1 0
github.com/stratux/stratux/main/gps.go:836.29,838.3 1 0
github.com/stratux/stratux/main/gps.go:838.8,840.13 2 0
github.com/stratux/stratux/main/gps.go:840.13,843.4 2 0
github.com/stratux/stratux/main/gps.go:843.9,846.4 1 0
github.com/stratux/stratux/main/gps.go:850.2,854.30 4 0
github.com/stratux/stratux/main/gps.go:854.30,855.83 1 0
github.com/stratux/stratux/main/gps.go:855.83,859.4 3 0
github.com/stratux/stratux/main/gps.go:861.2,862.21 2 0
github.com/stratux/stratux/main/gps.go:862.21,865.3 2 0
github.com/stratux/stratux/main/gps.go:865.8,867.13 2 0
github.com/stratux/stratux/main/gps.go:867.13,870.4 2 0
github.com/stratux/stratux/main/gps.go:870.9,873.4 1 0
github.com/stratux/stratux/main/gps.go:879.2,879.13 1 0
github.com/stratux/stratux/main/gps.go:879.13,889.27 7 0
github.com/stratux/stratux/main/gps.go:889.27,891.4 1 0
github.com/stratux/stratux/main/gps.go:892.3,895.14 2 0
github.com/stratux/stratux/main/gps.go:901.2,901.30 1 0
github.com/stratux/stratux/main/gps.go:901.30,903.37 1 0
github.com/stratux/stratux/main/gps.go:903.37,906.4 2 0
github.com/stratux/stratux/main/gps.go:912.2,916.23 4 0
github.com/stratux/stratux/main/gps.go:916.23,919.38 3 0
github.com/stratux/stratux/main/gps.go:919.38,921.47 2 0
github.com/stratux/stratux/main/gps.go:921.47,923.5 1 0
github.com/stratux/stratux/main/gps.go:923.10,923.40 1 0
github.com/stratux/stratux/main/gps.go:923.40,925.5 1 0
github.com/stratux/stratux/main/gps.go:925.10,927.5 1 0
github.com/stratux/stratux/main/gps.go:929.8,930.27 1 0
github.com/stratux/stratux/main/gps.go:930.27,932.4 1 0
github.com/stratux/stratux/main/gps.go:933.3,933.15 1 0
github.com/stratux/stratux/main/gps.go:937.2,939.12 2 0
github.com/stratux/stratux/main/gps.go:939.12,942.3 2 0
github.com/stratux/stratux/main/gps.go:942.8,946.3 2 0
github.com/stratux/stratux/main/gps.go:948.2,953.14 3 0
github.com/stratux/stratux/main/gps.go:953.14,994.3 6 0
github.com/stratux/stratux/main/gps.go:994.8,998.3 3 0
github.com/stratux/stratux/main/gps.go:1000.2,1000.26 1 0
github.com/stratux/stratux/main/gps.go:1000.26,1004.3 2 0
github.com/stratux/stratux/main/gps.go:1006.2,1008.13 2 0
github.com/stratux/stratux/main/gps.go:1011.44,1014.18 2 0
github.com/stratux/stratux/main/gps.go:1014.18,1016.3 1 0
github.com/stratux/stratux/main/gps.go:1016.8,1016.26 1 0
github.com/stratux/stratux/main/gps.go:1016.26,1018.3 1 0
github.com/stratux/stratux/main/gps.go:1018.8,1018.26 1 0
github.com/stratux/stratux/main/gps.go:1018.26,1020.3 1 0
github.com/stratux/stratux/main/gps.go:1020.8,1020.28 1 0
github.com/stratux/stratux/main/gps.go:1020.28,1022.3 1 0
github.com/stratux/stratux/main/gps.go:1022.8,1022.29 1 0
github.com/stratux/stratux/main/gps.go:1022.29,1024.3 1 0
github.com/stratux/stratux/main/gps.go:1024.8,1024.29 1 0
github.com/stratux/stratux/main/gps.go:1024.29,1026.3 1 0
github.com/stratux/stratux/main/gps.go:1028.2,1028.12 1 0
github.com/stratux/stratux/main/gps.go:1036.32,1039.2 2 0
github.com/stratux/stratux/main/gps.go:1041.33,1045.30 3 0
github.com/stratux/stratux/main/gps.go:1045.30,1047.16 2 0
github.com/stratux/stratux/main/gps.go:1047.16,1049.4 1 0
github.com/stratux/stratux/main/gps.go:1052.2,1054.25 3 0
github.com/stratux/stratux/main/gps.go:1054.25,1058.3 3 0
github.com/stratux/stratux/main/gps.go:1058.8,1062.3 2 0
github.com/stratux/stratux/main/gps.go:1064.2,1064.21 1 0
github.com/stratux/stratux/main/gps.go:1064.21,1066.3 1 0
github.com/stratux/stratux/main/gps.go:1066.8,1066.28 1 0
github.com/stratux/stratux/main/gps.go:1066.28,1068.3 1 0
github.com/stratux/stratux/main/gps.go:1070.2,1070.18 1 0
github.com/stratux/stratux/main/gps.go:1081.52,1083.2 1 0
github.com/stratux/stratux/main/gps.go:1085.79,1089.15 3 0
github.com/stratux/stratux/main/gps.go:1089.15,1090.43 1 0
github.com/stratux/stratux/main/gps.go:1090.43,1092.4 1 0
github.com/stratux/stratux/main/gps.go:1093.3,1093.29 1 0
github.com/stratux/stratux/main/gps.go:1111.2,1117.18 6 0
github.com/stratux/stratux/main/gps.go:1117.18,1118.23 1 0
github.com/stratux/stratux/main/gps.go:1118.23,1120.4 1 0
github.com/stratux/stratux/main/gps.go:1121.3,1121.15 1 0
github.com/stratux/stratux/main/gps.go:1123.2,1129.44 5 0
github.com/stratux/stratux/main/gps.go:1129.44,1131.17 2 0
github.com/stratux/stratux/main/gps.go:1131.17,1133.4 1 0
github.com/stratux/stratux/main/gps.go:1135.3,1136.17 2 0
github.com/stratux/stratux/main/gps.go:1136.17,1138.4 1 0
github.com/stratux/stratux/main/gps.go:1139.3,1143.17 4 0
github.com/stratux/stratux/main/gps.go:1143.17,1145.4 1 0
github.com/stratux/stratux/main/gps.go:1146.3,1146.22 1 0
github.com/stratux/stratux/main/gps.go:1146.22,1150.4 3 0
github.com/stratux/stratux/main/gps.go:1150.10,1153.4 0 0
github.com/stratux/stratux/main/gps.go:1154.3,1158.14 3 0
github.com/stratux/stratux/main/gps.go:1160.8,1160.51 1 0
github.com/stratux/stratux/main/gps.go:1160.51,1163.18 2 0
github.com/stratux/stratux/main/gps.go:1163.18,1165.4 1 0
github.com/stratux/stratux/main/gps.go:1168.3,1168.51 1 0
github.com/stratux/stratux/main/gps.go:1168.51,1170.4 1 0
github.com/stratux/stratux/main/gps.go:1173.3,1174.18 2 0
github.com/stratux/stratux/main/gps.go:1174.18,1176.4 1 0
github.com/stratux/stratux/main/gps.go:1177.3,1180.20 2 0
github.com/stratux/stratux/main/gps.go:1180.20,1182.4 1 0
github.com/stratux/stratux/main/gps.go:1183.3,1186.48 4 0
github.com/stratux/stratux/main/gps.go:1186.48,1188.4 1 0
github.com/stratux/stratux/main/gps.go:1190.3,1194.20 3 0
github.com/stratux/stratux/main/gps.go:1194.20,1196.4 1 0
github.com/stratux/stratux/main/gps.go:1198.3,1200.33 3 0
github.com/stratux/stratux/main/gps.go:1200.33,1202.4 1 0
github.com/stratux/stratux/main/gps.go:1204.3,1205.18 2 0
github.com/stratux/stratux/main/gps.go:1205.18,1207.4 1 0
github.com/stratux/stratux/main/gps.go:1210.3,1210.20 1 0
github.com/stratux/stratux/main/gps.go:1210.20,1212.4 1 0
github.com/stratux/stratux/main/gps.go:1213.3,1215.33 3 0
github.com/stratux/stratux/main/gps.go:1215.33,1217.4 1 0
github.com/stratux/stratux/main/gps.go:1219.3,1220.18 2 0
github.com/stratux/stratux/main/gps.go:1220.18,1222.4 1 0
github.com/stratux/stratux/main/gps.go:1225.3,1226.18 2 0
github.com/stratux/stratux/main/gps.go:1226.18,1228.4 1 0
github.com/stratux/stratux/main/gps.go:1229.3,1235.18 4 0
github.com/stratux/stratux/main/gps.go:1235.18,1237.4 1 0
github.com/stratux/stratux/main/gps.go:1238.3,1250.20 7 0
github.com/stratux/stratux/main/gps.go:1250.20,1255.29 4 0
github.com/stratux/stratux/main/gps.go:1255.29,1257.5 1 0
github.com/stratux/stratux/main/gps.go:1258.4,1258.41 1 0
github.com/stratux/stratux/main/gps.go:1261.3,1261.14 1 0
github.com/stratux/stratux/main/gps.go:1263.8,1263.51 1 0
github.com/stratux/stratux/main/gps.go:1263.51,1281.18 2 0
github.com/stratux/stratux/main/gps.go:1281.18,1283.4 1 0
github.com/stratux/stratux/main/gps.go:1286.3,1286.51 1 0
github.com/stratux/stratux/main/gps.go:1286.51,1288.4 1 0
github.com/stratux/stratux/main/gps.go:1290.3,1290.18 1 0
github.com/stratux/stratux/main/gps.go:1290.18,1293.4 2 0
github.com/stratux/stratux/main/gps.go:1296.3,1296.20 1 0
github.com/stratux/stratux/main/gps.go:1296.20,1298.4 1 0
github.com/stratux/stratux/main/gps.go:1299.3,1302.48 4 0
github.com/stratux/stratux/main/gps.go:1302.48,1304.4 1 0
github.com/stratux/stratux/main/gps.go:1305.3,1308.21 3 0
github.com/stratux/stratux/main/gps.go:1308.21,1314.25 4 0
github.com/stratux/stratux/main/gps.go:1314.25,1317.5 1 0
github.com/stratux/stratux/main/gps.go:1319.4,1319.91 1 0
github.com/stratux/stratux/main/gps.go:1319.91,1323.98 4 0
github.com/stratux/stratux/main/gps.go:1323.98,1327.34 4 0
github.com/stratux/stratux/main/gps.go:1327.34,1329.7 1 0
github.com/stratux/stratux/main/gps.go:1330.6,1330.20 1 0
github.com/stratux/stratux/main/gps.go:1330.20,1332.7 1 0
github.com/stratux/stratux/main/gps.go:1332.12,1334.7 1 0
github.com/stratux/stratux/main/gps.go:1336.5,1336.34 1 0
github.com/stratux/stratux/main/gps.go:1341.3,1341.20 1 0
github.com/stratux/stratux/main/gps.go:1341.20,1343.4 1 0
github.com/stratux/stratux/main/gps.go:1344.3,1346.33 3 0
github.com/stratux/stratux/main/gps.go:1346.33,1348.4 1 0
github.com/stratux/stratux/main/gps.go:1349.3,1350.18 2 0
github.com/stratux/stratux/main/gps.go:1350.18,1352.4 1 0
github.com/stratux/stratux/main/gps.go:1354.3,1354.20 1 0
github.com/stratux/stratux/main/gps.go:1354.20,1356.4 1 0
github.com/stratux/stratux/main/gps.go:1357.3,1359.33 3 0
github.com/stratux/stratux/main/gps.go:1359.33,1361.4 1 0
github.com/stratux/stratux/main/gps.go:1362.3,1363.18 2 0
github.com/stratux/stratux/main/gps.go:1363.18,1365.4 1 0
github.com/stratux/stratux/main/gps.go:1367.3,1371.17 3 0
github.com/stratux/stratux/main/gps.go:1371.17,1373.4 1 0
github.com/stratux/stratux/main/gps.go:1374.3,1380.36 5 0
github.com/stratux/stratux/main/gps.go:1380.36,1382.4 1 0
github.com/stratux/stratux/main/gps.go:1383.3,1383.22 1 0
github.com/stratux/stratux/main/gps.go:1383.22,1388.4 4 0
github.com/stratux/stratux/main/gps.go:1388.9,1392.4 1 0
github.com/stratux/stratux/main/gps.go:1393.3,1400.20 5 0
github.com/stratux/stratux/main/gps.go:1400.20,1405.29 4 0
github.com/stratux/stratux/main/gps.go:1405.29,1407.5 1 0
github.com/stratux/stratux/main/gps.go:1408.4,1408.41 1 0
github.com/stratux/stratux/main/gps.go:1411.3,1412.14 2 0
github.com/stratux/stratux/main/gps.go:1414.8,1414.51 1 0
github.com/stratux/stratux/main/gps.go:1414.51,1417.18 2 0
github.com/stratux/stratux/main/gps.go:1417.18,1419.4 1 0
github.com/stratux/stratux/main/gps.go:1434.3,1434.36 1 0
github.com/stratux/stratux/main/gps.go:1434.36,1437.4 2 0
github.com/stratux/stratux/main/gps.go:1440.3,1446.33 4 0
github.com/stratux/stratux/main/gps.go:1446.33,1448.18 2 0
github.com/stratux/stratux/main/gps.go:1448.18,1449.17 1 0
github.com/stratux/stratux/main/gps.go:1449.17,1452.6 2 0
github.com/stratux/stratux/main/gps.go:1452.11,1452.24 1 0
github.com/stratux/stratux/main/gps.go:1452.24,1455.6 2 0
github.com/stratux/stratux/main/gps.go:1455.11,1455.24 1 0
github.com/stratux/stratux/main/gps.go:1455.24,1458.6 2 0
github.com/stratux/stratux/main/gps.go:1458.11,1458.25 1 0
github.com/stratux/stratux/main/gps.go:1458.25,1461.6 2 0
github.com/stratux/stratux/main/gps.go:1461.11,1461.25 1 0
github.com/stratux/stratux/main/gps.go:1461.25,1464.6 2 0
github.com/stratux/stratux/main/gps.go:1464.11,1464.25 1 0
github.com/stratux/stratux/main/gps.go:1464.25,1467.6 2 0
github.com/stratux/stratux/main/gps.go:1467.11,1467.25 1 0
github.com/stratux/stratux/main/gps.go:1467.25,1470.6 2 0
github.com/stratux/stratux/main/gps.go:1470.11,1473.6 2 0
github.com/stratux/stratux/main/gps.go:1475.5,1478.41 2 0
github.com/stratux/stratux/main/gps.go:1478.41,1481.6 1 0
github.com/stratux/stratux/main/gps.go:1481.11,1486.6 3 0
github.com/stratux/stratux/main/gps.go:1487.5,1492.58 5 0
github.com/stratux/stratux/main/gps.go:1495.3,1503.76 6 0
github.com/stratux/stratux/main/gps.go:1503.76,1507.19 2 0
github.com/stratux/stratux/main/gps.go:1507.19,1509.5 1 0
github.com/stratux/stratux/main/gps.go:1510.4,1510.39 1 0
github.com/stratux/stratux/main/gps.go:1510.39,1511.108 1 0
github.com/stratux/stratux/main/gps.go:1511.108,1513.6 1 0
github.com/stratux/stratux/main/gps.go:1513.11,1515.6 1 0
github.com/stratux/stratux/main/gps.go:1516.10,1517.108 1 0
github.com/stratux/stratux/main/gps.go:1517.108,1519.6 1 0
github.com/stratux/stratux/main/gps.go:1519.11,1521.6 1 0
github.com/stratux/stratux/main/gps.go:1525.4,1530.19 3 0
github.com/stratux/stratux/main/gps.go:1530.19,1532.5 1 0
github.com/stratux/stratux/main/gps.go:1533.4,1533.56 1 0
github.com/stratux/stratux/main/gps.go:1539.3,1540.14 2 0
github.com/stratux/stratux/main/gps.go:1544.2,1544.40 1 0
github.com/stratux/stratux/main/gps.go:1544.40,1545.17 1 0
github.com/stratux/stratux/main/gps.go:1545.17,1547.4 1 0
github.com/stratux/stratux/main/gps.go:1551.3,1552.17 2 0
github.com/stratux/stratux/main/gps.go:1552.17,1554.4 1 0
github.com/stratux/stratux/main/gps.go:1555.3,1556.17 2 0
github.com/stratux/stratux/main/gps.go:1556.17,1558.4 1 0
github.com/stratux/stratux/main/gps.go:1559.3,1560.17 2 0
github.com/stratux/stratux/main/gps.go:1560.17,1562.4 1 0
github.com/stratux/stratux/main/gps.go:1563.3,1574.14 9 0
github.com/stratux/stratux/main/gps.go:1578.2,1578.86 1 0
github.com/stratux/stratux/main/gps.go:1578.86,1579.17 1 0
github.com/stratux/stratux/main/gps.go:1579.17,1581.4 1 0
github.com/stratux/stratux/main/gps.go:1584.3,1585.17 2 0
github.com/stratux/stratux/main/gps.go:1585.17,1587.4 1 0
github.com/stratux/stratux/main/gps.go:1591.3,1592.17 2 0
github.com/stratux/stratux/main/gps.go:1592.17,1594.4 1 0
github.com/stratux/stratux/main/gps.go:1608.3,1617.36 7 0
github.com/stratux/stratux/main/gps.go:1617.36,1620.18 2 0
github.com/stratux/stratux/main/gps.go:1620.18,1622.5 1 0
github.com/stratux/stratux/main/gps.go:1624.4,1624.16 1 0
github.com/stratux/stratux/main/gps.go:1624.16,1627.5 2 0
github.com/stratux/stratux/main/gps.go:1627.10,1627.23 1 0
github.com/stratux/stratux/main/gps.go:1627.23,1630.5 2 0
github.com/stratux/stratux/main/gps.go:1630.10,1630.23 1 0
github.com/stratux/stratux/main/gps.go:1630.23,1633.5 2 0
github.com/stratux/stratux/main/gps.go:1633.10,1633.24 1 0
github.com/stratux/stratux/main/gps.go:1633.24,1636.5 2 0
github.com/stratux/stratux/main/gps.go:1636.10,1636.24 1 0
github.com/stratux/stratux/main/gps.go:1636.24,1639.5 2 0
github.com/stratux/stratux/main/gps.go:1639.10,1639.24 1 0
github.com/stratux/stratux/main/gps.go:1639.24,1642.5 2 0
github.com/stratux/stratux/main/gps.go:1642.10,1642.24 1 0
github.com/stratux/stratux/main/gps.go:1642.24,1645.5 2 0
github.com/stratux/stratux/main/gps.go:1645.10,1648.5 2 0
github.com/stratux/stratux/main/gps.go:1650.4,1656.40 3 0
github.com/stratux/stratux/main/gps.go:1656.40,1659.5 1 0
github.com/stratux/stratux/main/gps.go:1659.10,1664.5 3 0
github.com/stratux/stratux/main/gps.go:1665.4,1668.18 3 0
github.com/stratux/stratux/main/gps.go:1668.18,1670.5 1 0
github.com/stratux/stratux/main/gps.go:1671.4,1674.18 3 0
github.com/stratux/stratux/main/gps.go:1674.18,1676.5 1 0
github.com/stratux/stratux/main/gps.go:1677.4,1680.18 3 0
github.com/stratux/stratux/main/gps.go:1680.18,1684.5 2 0
github.com/stratux/stratux/main/gps.go:1684.10,1684.22 1 0
github.com/stratux/stratux/main/gps.go:1684.22,1686.5 1 0
github.com/stratux/stratux/main/gps.go:1687.4,1687.17 1 0
github.com/stratux/stratux/main/gps.go:1687.17,1689.5 1 0
github.com/stratux/stratux/main/gps.go:1690.4,1694.43 2 0
github.com/stratux/stratux/main/gps.go:1694.43,1695.39 1 0
github.com/stratux/stratux/main/gps.go:1695.39,1696.35 1 0
github.com/stratux/stratux/main/gps.go:1696.35,1699.7 2 0
github.com/stratux/stratux/main/gps.go:1700.11,1703.6 1 0
github.com/stratux/stratux/main/gps.go:1706.4,1706.28 1 0
github.com/stratux/stratux/main/gps.go:1706.28,1708.33 2 0
github.com/stratux/stratux/main/gps.go:1708.33,1710.6 1 0
github.com/stratux/stratux/main/gps.go:1711.5,1711.160 1 0
github.com/stratux/stratux/main/gps.go:1714.4,1716.36 3 0
github.com/stratux/stratux/main/gps.go:1720.3,1720.14 1 0
github.com/stratux/stratux/main/gps.go:1725.2,1725.21 1 0
github.com/stratux/stratux/main/gps.go:1725.21,1726.17 1 0
github.com/stratux/stratux/main/gps.go:1726.17,1728.4 1 0
github.com/stratux/stratux/main/gps.go:1729.3,1732.17 3 0
github.com/stratux/stratux/main/gps.go:1732.17,1734.4 1 0
github.com/stratux/stratux/main/gps.go:1736.3,1737.17 2 0
github.com/stratux/stratux/main/gps.go:1737.17,1739.4 1 0
github.com/stratux/stratux/main/gps.go:1741.3,1741.76 1 0
github.com/stratux/stratux/main/gps.go:1741.76,1748.4 6 0
github.com/stratux/stratux/main/gps.go:1749.3,1749.14 1 0
github.com/stratux/stratux/main/gps.go:1753.2,1753.49 1 0
github.com/stratux/stratux/main/gps.go:1753.49,1754.44 1 0
github.com/stratux/stratux/main/gps.go:1754.44,1756.4 1 0
github.com/stratux/stratux/main/gps.go:1757.8,1757.30 1 0
github.com/stratux/stratux/main/gps.go:1757.30,1759.42 2 0
github.com/stratux/stratux/main/gps.go:1759.42,1761.28 2 0
github.com/stratux/stratux/main/gps.go:1761.28,1768.15 6 0
github.com/stratux/stratux/main/gps.go:1768.15,1769.97 1 0
github.com/stratux/stratux/main/gps.go:1769.97,1770.33 1 0
github.com/stratux/stratux/main/gps.go:1770.33,1772.13 2 0
github.com/stratux/stratux/main/gps.go:1774.7,1774.40 1 0
github.com/stratux/stratux/main/gps.go:1777.5,1777.10 1 0
github.com/stratux/stratux/main/gps.go:1781.3,1781.14 1 0
github.com/stratux/stratux/main/gps.go:1781.14,1783.4 1 0
github.com/stratux/stratux/main/gps.go:1789.2,1789.210 1 0
github.com/stratux/stratux/main/gps.go:1789.210,1790.17 1 0
github.com/stratux/stratux/main/gps.go:1790.17,1792.4 1 0
github.com/stratux/stratux/main/gps.go:1794.3,1795.17 2 0
github.com/stratux/stratux/main/gps.go:1795.17,1797.4 1 0
github.com/stratux/stratux/main/gps.go:1798.3,1799.18 2 0
github.com/stratux/stratux/main/gps.go:1799.18,1801.4 1 0
github.com/stratux/stratux/main/gps.go:1803.3,1803.132 1 0
github.com/stratux/stratux/main/gps.go:1803.132,1810.4 6 0
github.com/stratux/stratux/main/gps.go:1814.2,1814.40 1 0
github.com/stratux/stratux/main/gps.go:1814.40,1817.3 2 0
github.com/stratux/stratux/main/gps.go:1820.2,1820.14 1 0
github.com/stratux/stratux/main/gps.go:1844.23,1846.6 2 0
github.com/stratux/stratux/main/gps.go:1846.6,1850.38 3 0
github.com/stratux/stratux/main/gps.go:1850.38,1853.4 2 0
github.com/stratux/stratux/main/gps.go:1854.3,1858.30 3 0
github.com/stratux/stratux/main/gps.go:1858.30,1859.75 1 0
github.com/stratux/stratux/main/gps.go:1859.75,1860.13 1 0
github.com/stratux/stratux/main/gps.go:1862.4,1862.126 1 0
github.com/stratux/stratux/main/gps.go:1862.126,1863.13 1 0
github.com/stratux/stratux/main/gps.go:1866.4,1867.19 2 0
github.com/stratux/stratux/main/gps.go:1867.19,1868.13 1 0
github.com/stratux/stratux/main/gps.go:1871.4,1871.44 1 0
github.com/stratux/stratux/main/gps.go:1871.44,1874.70 2 0
github.com/stratux/stratux/main/gps.go:1874.70,1876.14 2 0
github.com/stratux/stratux/main/gps.go:1880.4,1880.47 1 0
github.com/stratux/stratux/main/gps.go:1880.47,1883.5 1 0
github.com/stratux/stratux/main/gps.go:1883.10,1885.5 1 0
github.com/stratux/stratux/main/gps.go:1887.3,1889.33 2 0
github.com/stratux/stratux/main/gps.go:1889.33,1890.12 1 0
github.com/stratux/stratux/main/gps.go:1892.3,1892.148 1 0
github.com/stratux/stratux/main/gps.go:1892.148,1896.26 2 0
github.com/stratux/stratux/main/gps.go:1896.26,1898.5 1 0
github.com/stratux/stratux/main/gps.go:1899.4,1902.39 4 0
github.com/stratux/stratux/main/gps.go:1902.39,1908.20 5 0
github.com/stratux/stratux/main/gps.go:1908.20,1910.6 1 0
github.com/stratux/stratux/main/gps.go:1910.11,1912.6 1 0
github.com/stratux/stratux/main/gps.go:1913.5,1913.40 1 0
github.com/stratux/stratux/main/gps.go:1917.4,1917.34 1 0
github.com/stratux/stratux/main/gps.go:1917.34,1919.14 2 0
github.com/stratux/stratux/main/gps.go:1919.14,1927.6 6 0
github.com/stratux/stratux/main/gps.go:1933.24,1939.81 5 0
github.com/stratux/stratux/main/gps.go:1939.81,1941.41 2 0
github.com/stratux/stratux/main/gps.go:1941.41,1943.4 1 0
github.com/stratux/stratux/main/gps.go:1945.3,1948.32 3 0
github.com/stratux/stratux/main/gps.go:1948.32,1949.21 1 0
github.com/stratux/stratux/main/gps.go:1949.21,1950.13 1 0
github.com/stratux/stratux/main/gps.go:1953.4,1955.29 2 0
github.com/stratux/stratux/main/gps.go:1955.29,1956.29 1 0
github.com/stratux/stratux/main/gps.go:1956.29,1958.6 1 0
github.com/stratux/stratux/main/gps.go:1962.2,1962.38 1 0
github.com/stratux/stratux/main/gps.go:1962.38,1964.3 1 0
github.com/stratux/stratux/main/gps.go:1966.2,1966.26 1 0
github.com/stratux/stratux/main/gps.go:1966.26,1968.3 1 0
github.com/stratux/stratux/main/gps.go:1969.2,1971.8 3 0
github.com/stratux/stratux/main/gps.go:1974.26,1977.2 2 0
github.com/stratux/stratux/main/gps.go:1987.26,1999.19 9 0
github.com/stratux/stratux/main/gps.go:1999.19,2000.49 1 0
github.com/stratux/stratux/main/gps.go:2000.49,2002.4 1 0
github.com/stratux/stratux/main/gps.go:2003.3,2003.48 1 0
github.com/stratux/stratux/main/gps.go:2003.48,2005.4 1 0
github.com/stratux/stratux/main/gps.go:2009.2,2028.75 11 0
github.com/stratux/stratux/main/gps.go:2036.25,2038.6 2 0
github.com/stratux/stratux/main/gps.go:2038.6,2041.3 2 0
github.com/stratux/stratux/main/gps.go:2044.28,2061.19 15 0
github.com/stratux/stratux/main/gps.go:2061.19,2062.49 1 0
github.com/stratux/stratux/main/gps.go:2062.49,2064.4 1 0
github.com/stratux/stratux/main/gps.go:2065.3,2065.48 1 0
github.com/stratux/stratux/main/gps.go:2065.48,2067.4 1 0
github.com/stratux/stratux/main/gps.go:2068.3,2068.55 1 0
github.com/stratux/stratux/main/gps.go:2068.55,2070.4 1 0
github.com/stratux/stratux/main/gps.go:2071.3,2071.52 1 0
github.com/stratux/stratux/main/gps.go:2071.52,2073.4 1 0
github.com/stratux/stratux/main/gps.go:2074.3,2074.52 1 0
github.com/stratux/stratux/main/gps.go:2074.52,2076.4 1 0
github.com/stratux/stratux/main/gps.go:2077.3,2077.49 1 0
github.com/stratux/stratux/main/gps.go:2077.49,2079.4 1 0
github.com/stratux/stratux/main/gps.go:2081.2,2081.24 1 0
github.com/stratux/stratux/main/gps.go:2081.24,2084.3 2 0
github.com/stratux/stratux/main/gps.go:2087.2,2126.75 21 0
github.com/stratux/stratux/main/gps.go:2129.26,2131.6 2 0
github.com/stratux/stratux/main/gps.go:2131.6,2133.65 2 0
github.com/stratux/stratux/main/gps.go:2133.65,2135.4 1 0
github.com/stratux/stratux/main/gps.go:2135.9,2139.4 3 0
github.com/stratux/stratux/main/gps.go:2141.3,2141.135 1 0
github.com/stratux/stratux/main/gps.go:2141.135,2144.43 2 0
github.com/stratux/stratux/main/gps.go:2144.43,2146.5 1 0
github.com/stratux/stratux/main/gps.go:2146.10,2149.18 3 0
github.com/stratux/stratux/main/gps.go:2149.18,2158.6 7 0
github.com/stratux/stratux/main/gps.go:2159.5,2159.42 1 0
github.com/stratux/stratux/main/gps.go:2171.28,2173.47 2 0
github.com/stratux/stratux/main/gps.go:2173.47,2174.73 1 0
github.com/stratux/stratux/main/gps.go:2174.73,2176.4 1 0
github.com/stratux/stratux/main/gps.go:2176.9,2178.32 2 0
github.com/stratux/stratux/main/gps.go:2178.32,2180.5 1 0
github.com/stratux/stratux/main/gps.go:2181.4,2181.74 1 0
github.com/stratux/stratux/main/gps.go:2181.74,2184.5 2 0
github.com/stratux/stratux/main/gps.go:2185.4,2185.32 1 0
github.com/stratux/stratux/main/gps.go:2185.32,2187.5 1 0
github.com/stratux/stratux/main/gps.go:2192.2,2194.46 3 0
github.com/stratux/stratux/main/gps.go:2197.28,2199.2 1 0
github.com/stratux/stratux/main/gps.go:2208.24,2210.138 2 4
github.com/stratux/stratux/main/gps.go:2210.138,2212.3 1 4
github.com/stratux/stratux/main/gps.go:2212.8,2218.3 5 0
github.com/stratux/stratux/main/gps.go:2219.2,2219.16 1 4
github.com/stratux/stratux/main/gps.go:2227.35,2230.2 1 0
github.com/stratux/stratux/main/gps.go:2232.29,2234.2 1 0
github.com/stratux/stratux/main/gps.go:2236.25,2240.2 1 0
github.com/stratux/stratux/main/gps.go:2242.30,2244.2 1 6
github.com/stratux/stratux/main/gps.go:2246.16,2251.6 5 0
github.com/stratux/stratux/main/gps.go:2251.6,2254.82 2 0
github.com/stratux/stratux/main/gps.go:2254.82,2256.95 2 0
github.com/stratux/stratux/main/gps.go:2256.95,2258.5 1 0
github.com/stratux/stratux/main/gps.go:2263.33,2266.19 2 0
[...]
github.com/stratux/stratux/main/traffic.go:482.111,484.41 2 0
github.com/stratux/stratux/main/traffic.go:484.41,486.4 1 0
github.com/stratux/stratux/main/traffic.go:486.9,488.4 1 0
github.com/stratux/stratux/main/traffic.go:489.3,491.43 2 0
github.com/stratux/stratux/main/traffic.go:491.43,493.4 1 0
github.com/stratux/stratux/main/traffic.go:499.102,513.2 10 19
github.com/stratux/stratux/main/traffic.go:515.73,517.25 2 1
github.com/stratux/stratux/main/traffic.go:517.25,527.3 9 8
github.com/stratux/stratux/main/traffic.go:528.2,528.15 1 1
github.com/stratux/stratux/main/traffic.go:531.42,534.2 2 2
github.com/stratux/stratux/main/traffic.go:537.44,545.2 1 2
github.com/stratux/stratux/main/traffic.go:547.46,550.27 1 18
github.com/stratux/stratux/main/traffic.go:550.27,553.3 1 13
github.com/stratux/stratux/main/traffic.go:554.2,555.22 1 5
github.com/stratux/stratux/main/traffic.go:555.22,557.3 1 2
github.com/stratux/stratux/main/traffic.go:559.2,559.14 1 3
github.com/stratux/stratux/main/traffic.go:562.50,571.28 4 15
github.com/stratux/stratux/main/traffic.go:571.28,574.3 1 13
github.com/stratux/stratux/main/traffic.go:577.2,608.40 15 15
github.com/stratux/stratux/main/traffic.go:608.40,612.3 2 0
github.com/stratux/stratux/main/traffic.go:612.8,614.3 1 15
github.com/stratux/stratux/main/traffic.go:615.2,616.41 2 15
github.com/stratux/stratux/main/traffic.go:616.41,618.3 1 0
github.com/stratux/stratux/main/traffic.go:618.8,621.3 1 15
github.com/stratux/stratux/main/traffic.go:622.2,636.20 3 15
github.com/stratux/stratux/main/traffic.go:636.20,638.3 1 1
github.com/stratux/stratux/main/traffic.go:640.2,640.29 1 15
github.com/stratux/stratux/main/traffic.go:640.29,642.3 1 1
github.com/stratux/stratux/main/traffic.go:644.2,644.18 1 15
github.com/stratux/stratux/main/traffic.go:644.18,646.3 1 15
github.com/stratux/stratux/main/traffic.go:649.2,668.45 10 15
github.com/stratux/stratux/main/traffic.go:668.45,670.134 2 29
github.com/stratux/stratux/main/traffic.go:670.134,672.4 1 3
github.com/stratux/stratux/main/traffic.go:673.3,673.16 1 29
github.com/stratux/stratux/main/traffic.go:677.2,679.28 2 15
github.com/stratux/stratux/main/traffic.go:687.53,703.39 10 0
github.com/stratux/stratux/main/traffic.go:703.39,706.3 1 0
github.com/stratux/stratux/main/traffic.go:706.8,713.15 5 0
github.com/stratux/stratux/main/traffic.go:713.15,716.4 2 0
github.com/stratux/stratux/main/traffic.go:719.2,724.36 3 0
github.com/stratux/stratux/main/traffic.go:724.36,741.16 5 0
github.com/stratux/stratux/main/traffic.go:741.16,759.4 15 0
github.com/stratux/stratux/main/traffic.go:759.9,759.30 1 0
github.com/stratux/stratux/main/traffic.go:759.30,768.4 8 0
github.com/stratux/stratux/main/traffic.go:770.3,775.27 3 0
github.com/stratux/stratux/main/traffic.go:775.27,800.24 8 0
github.com/stratux/stratux/main/traffic.go:800.24,812.5 3 0
github.com/stratux/stratux/main/traffic.go:812.10,812.31 1 0
github.com/stratux/stratux/main/traffic.go:812.32,818.5 0 0
github.com/stratux/stratux/main/traffic.go:820.4,820.229 1 0
github.com/stratux/stratux/main/traffic.go:824.2,827.21 3 0
github.com/stratux/stratux/main/traffic.go:827.21,829.3 1 0
github.com/stratux/stratux/main/traffic.go:829.8,831.3 1 0
github.com/stratux/stratux/main/traffic.go:834.2,836.23 2 0
github.com/stratux/stratux/main/traffic.go:836.23,838.3 1 0
github.com/stratux/stratux/main/traffic.go:838.8,838.30 1 0
github.com/stratux/stratux/main/traffic.go:838.30,840.3 1 0
github.com/stratux/stratux/main/traffic.go:840.8,840.30 1 0
github.com/stratux/stratux/main/traffic.go:840.30,842.3 1 0
github.com/stratux/stratux/main/traffic.go:842.8,842.30 1 0
github.com/stratux/stratux/main/traffic.go:842.30,844.49 2 0
github.com/stratux/stratux/main/traffic.go:844.49,846.4 1 0
github.com/stratux/stratux/main/traffic.go:850.2,850.41 1 0
github.com/stratux/stratux/main/traffic.go:850.41,852.24 2 0
github.com/stratux/stratux/main/traffic.go:853.25,854.19 1 0
github.com/stratux/stratux/main/traffic.go:855.45,856.19 1 0
github.com/stratux/stratux/main/traffic.go:857.25,858.19 1 0
github.com/stratux/stratux/main/traffic.go:861.3,861.24 1 0
github.com/stratux/stratux/main/traffic.go:861.24,863.4 1 0
github.com/stratux/stratux/main/traffic.go:863.9,863.72 1 0
github.com/stratux/stratux/main/traffic.go:863.72,865.4 1 0
github.com/stratux/stratux/main/traffic.go:865.9,865.73 1 0
github.com/stratux/stratux/main/traffic.go:865.73,867.4 1 0
github.com/stratux/stratux/main/traffic.go:867.9,867.30 1 0
github.com/stratux/stratux/main/traffic.go:867.30,869.4 1 0
github.com/stratux/stratux/main/traffic.go:871.2,878.60 6 0
github.com/stratux/stratux/main/traffic.go:878.60,881.15 3 0
github.com/stratux/stratux/main/traffic.go:881.15,883.4 1 0
github.com/stratux/stratux/main/traffic.go:884.3,885.16 2 0
github.com/stratux/stratux/main/traffic.go:885.16,887.4 1 0
github.com/stratux/stratux/main/traffic.go:889.2,890.23 2 0
github.com/stratux/stratux/main/traffic.go:890.23,893.19 3 0
github.com/stratux/stratux/main/traffic.go:893.19,895.4 1 0
github.com/stratux/stratux/main/traffic.go:896.3,897.34 2 0
github.com/stratux/stratux/main/traffic.go:900.2,903.18 4 0
github.com/stratux/stratux/main/traffic.go:903.18,906.3 2 0
github.com/stratux/stratux/main/traffic.go:907.2,925.50 11 0
github.com/stratux/stratux/main/traffic.go:925.50,931.28 5 0
github.com/stratux/stratux/main/traffic.go:931.28,934.29 3 0
github.com/stratux/stratux/main/traffic.go:934.29,936.5 1 0
github.com/stratux/stratux/main/traffic.go:937.4,937.28 1 0
github.com/stratux/stratux/main/traffic.go:937.28,939.5 1 0
github.com/stratux/stratux/main/traffic.go:942.3,943.28 2 0
github.com/stratux/stratux/main/traffic.go:943.28,946.29 3 0
github.com/stratux/stratux/main/traffic.go:946.29,948.5 1 0
github.com/stratux/stratux/main/traffic.go:949.4,949.28 1 0
github.com/stratux/stratux/main/traffic.go:949.28,951.5 1 0
github.com/stratux/stratux/main/traffic.go:953.3,953.35 1 0
github.com/stratux/stratux/main/traffic.go:953.35,954.34 1 0
github.com/stratux/stratux/main/traffic.go:954.34,957.5 1 0
github.com/stratux/stratux/main/traffic.go:958.4,959.77 2 0
github.com/stratux/stratux/main/traffic.go:963.3,964.30 2 0
github.com/stratux/stratux/main/traffic.go:964.30,967.31 2 0
github.com/stratux/stratux/main/traffic.go:967.31,969.5 1 0
github.com/stratux/stratux/main/traffic.go:971.8,971.33 1 0
github.com/stratux/stratux/main/traffic.go:971.33,974.18 3 0
github.com/stratux/stratux/main/traffic.go:974.18,977.4 2 0
github.com/stratux/stratux/main/traffic.go:979.3,982.51 2 0
github.com/stratux/stratux/main/traffic.go:987.2,987.70 1 0
github.com/stratux/stratux/main/traffic.go:987.70,990.19 2 0
github.com/stratux/stratux/main/traffic.go:990.19,992.20 2 0
github.com/stratux/stratux/main/traffic.go:992.20,998.5 4 0
github.com/stratux/stratux/main/traffic.go:1000.4,1002.32 3 0
github.com/stratux/stratux/main/traffic.go:1007.2,1011.20 5 0
github.com/stratux/stratux/main/traffic.go:1011.20,1013.3 1 0
github.com/stratux/stratux/main/traffic.go:1030.2,1036.34 6 0
github.com/stratux/stratux/main/traffic.go:1039.17,1040.6 1 0
github.com/stratux/stratux/main/traffic.go:1040.6,1041.97 1 0
github.com/stratux/stratux/main/traffic.go:1041.97,1043.12 2 0
github.com/stratux/stratux/main/traffic.go:1046.3,1048.17 3 0
github.com/stratux/stratux/main/traffic.go:1048.17,1050.12 2 0
github.com/stratux/stratux/main/traffic.go:1052.3,1053.64 2 0
github.com/stratux/stratux/main/traffic.go:1053.64,1055.18 2 0
github.com/stratux/stratux/main/traffic.go:1055.18,1056.10 1 0
github.com/stratux/stratux/main/traffic.go:1058.4,1060.29 3 0
github.com/stratux/stratux/main/traffic.go:1062.3,1062.64 1 0
github.com/stratux/stratux/main/traffic.go:1062.64,1064.18 2 0
github.com/stratux/stratux/main/traffic.go:1064.18,1065.10 1 0
github.com/stratux/stratux/main/traffic.go:1067.4,1069.29 3 0
github.com/stratux/stratux/main/traffic.go:1074.39,1087.66 10 0
github.com/stratux/stratux/main/traffic.go:1087.66,1089.3 1 0
github.com/stratux/stratux/main/traffic.go:1090.2,1092.16 3 0
github.com/stratux/stratux/main/traffic.go:1092.16,1095.3 2 0
github.com/stratux/stratux/main/traffic.go:1097.2,1097.35 1 0
github.com/stratux/stratux/main/traffic.go:1097.35,1098.27 1 0
github.com/stratux/stratux/main/traffic.go:1098.27,1100.4 1 0
github.com/stratux/stratux/main/traffic.go:1101.3,1101.9 1 0
github.com/stratux/stratux/main/traffic.go:1104.2,1104.41 1 0
github.com/stratux/stratux/main/traffic.go:1104.41,1106.27 2 0
github.com/stratux/stratux/main/traffic.go:1106.27,1108.4 1 0
github.com/stratux/stratux/main/traffic.go:1110.2,1116.34 4 0
github.com/stratux/stratux/main/traffic.go:1116.34,1119.3 1 0
github.com/stratux/stratux/main/traffic.go:1119.8,1128.15 7 0
github.com/stratux/stratux/main/traffic.go:1128.15,1131.4 2 0
github.com/stratux/stratux/main/traffic.go:1134.2,1134.27 1 0
github.com/stratux/stratux/main/traffic.go:1134.27,1137.34 3 0
github.com/stratux/stratux/main/traffic.go:1137.34,1139.4 1 0
github.com/stratux/stratux/main/traffic.go:1140.3,1141.44 2 0
github.com/stratux/stratux/main/traffic.go:1141.44,1142.30 1 0
github.com/stratux/stratux/main/traffic.go:1142.30,1144.5 1 0
github.com/stratux/stratux/main/traffic.go:1146.8,1148.3 1 0
github.com/stratux/stratux/main/traffic.go:1186.2,1188.22 2 0
github.com/stratux/stratux/main/traffic.go:1188.22,1191.3 2 0
github.com/stratux/stratux/main/traffic.go:1193.2,1193.38 1 0
github.com/stratux/stratux/main/traffic.go:1193.38,1197.3 3 0
github.com/stratux/stratux/main/traffic.go:1200.2,1200.26 1 0
github.com/stratux/stratux/main/traffic.go:1200.26,1204.23 3 0
github.com/stratux/stratux/main/traffic.go:1204.23,1206.4 1 0
github.com/stratux/stratux/main/traffic.go:1206.9,1209.4 1 0
github.com/stratux/stratux/main/traffic.go:1211.3,1211.23 1 0
github.com/stratux/stratux/main/traffic.go:1211.23,1213.4 1 0
github.com/stratux/stratux/main/traffic.go:1213.9,1216.4 1 0
github.com/stratux/stratux/main/traffic.go:1218.3,1218.21 1 0
github.com/stratux/stratux/main/traffic.go:1218.21,1221.20 3 0
github.com/stratux/stratux/main/traffic.go:1221.20,1224.5 2 0
github.com/stratux/stratux/main/traffic.go:1225.4,1227.36 3 0
github.com/stratux/stratux/main/traffic.go:1229.8,1231.25 1 0
github.com/stratux/stratux/main/traffic.go:1231.25,1233.4 1 0
github.com/stratux/stratux/main/traffic.go:1236.2,1236.23 1 0
github.com/stratux/stratux/main/traffic.go:1236.23,1241.25 4 0
github.com/stratux/stratux/main/traffic.go:1241.25,1243.4 1 0
github.com/stratux/stratux/main/traffic.go:1243.9,1246.4 1 0
github.com/stratux/stratux/main/traffic.go:1248.3,1248.25 1 0
github.com/stratux/stratux/main/traffic.go:1248.25,1250.4 1 0
github.com/stratux/stratux/main/traffic.go:1250.9,1253.4 1 0
github.com/stratux/stratux/main/traffic.go:1255.3,1255.24 1 0
github.com/stratux/stratux/main/traffic.go:1255.24,1257.4 1 0
github.com/stratux/stratux/main/traffic.go:1257.10,1259.4 0 0
github.com/stratux/stratux/main/traffic.go:1261.3,1261.18 1 0
github.com/stratux/stratux/main/traffic.go:1261.18,1266.4 4 0
github.com/stratux/stratux/main/traffic.go:1267.8,1267.77 1 0
github.com/stratux/stratux/main/traffic.go:1267.77,1269.3 1 0
github.com/stratux/stratux/main/traffic.go:1272.2,1272.119 1 0
github.com/stratux/stratux/main/traffic.go:1272.119,1274.25 2 0
github.com/stratux/stratux/main/traffic.go:1275.21,1276.11 1 0
github.com/stratux/stratux/main/traffic.go:1277.11,1278.11 1 0
github.com/stratux/stratux/main/traffic.go:1279.11,1280.30 1 0
github.com/stratux/stratux/main/traffic.go:1280.30,1282.5 1 0
github.com/stratux/stratux/main/traffic.go:1282.10,1284.5 1 0
github.com/stratux/stratux/main/traffic.go:1285.11,1286.11 1 0
github.com/stratux/stratux/main/traffic.go:1287.11,1288.11 1 0
github.com/stratux/stratux/main/traffic.go:1289.11,1290.11 1 0
github.com/stratux/stratux/main/traffic.go:1291.11,1292.11 1 0
github.com/stratux/stratux/main/traffic.go:1293.11,1294.30 1 0
github.com/stratux/stratux/main/traffic.go:1294.30,1296.5 1 0
github.com/stratux/stratux/main/traffic.go:1296.10,1298.5 1 0
github.com/stratux/stratux/main/traffic.go:1299.15,1300.12 1 0
github.com/stratux/stratux/main/traffic.go:1301.14,1302.12 1 0
github.com/stratux/stratux/main/traffic.go:1304.3,1306.42 2 0
github.com/stratux/stratux/main/traffic.go:1306.42,1308.4 1 0
github.com/stratux/stratux/main/traffic.go:1311.2,1311.23 1 0
github.com/stratux/stratux/main/traffic.go:1311.23,1313.3 1 0
github.com/stratux/stratux/main/traffic.go:1315.2,1315.35 1 0
github.com/stratux/stratux/main/traffic.go:1315.35,1317.3 1 0
github.com/stratux/stratux/main/traffic.go:1319.2,1319.25 1 0
github.com/stratux/stratux/main/traffic.go:1319.25,1321.3 1 0
github.com/stratux/stratux/main/traffic.go:1324.2,1324.20 1 0
github.com/stratux/stratux/main/traffic.go:1324.20,1327.3 2 0
github.com/stratux/stratux/main/traffic.go:1327.8,1327.27 1 0
github.com/stratux/stratux/main/traffic.go:1327.27,1328.20 1 0
github.com/stratux/stratux/main/traffic.go:1328.20,1331.4 2 0
github.com/stratux/stratux/main/traffic.go:1331.9,1331.27 1 0
github.com/stratux/stratux/main/traffic.go:1331.27,1334.4 2 0
github.com/stratux/stratux/main/traffic.go:1334.9,1334.27 1 0
github.com/stratux/stratux/main/traffic.go:1334.27,1337.4 2 0
github.com/stratux/stratux/main/traffic.go:1340.2,1340.27 1 0
github.com/stratux/stratux/main/traffic.go:1340.27,1342.3 1 0
github.com/stratux/stratux/main/traffic.go:1344.2,1344.107 1 0
github.com/stratux/stratux/main/traffic.go:1344.107,1347.3 2 0
github.com/stratux/stratux/main/traffic.go:1351.2,1351.41 1 0
github.com/stratux/stratux/main/traffic.go:1351.41,1353.24 2 0
github.com/stratux/stratux/main/traffic.go:1354.25,1355.19 1 0
github.com/stratux/stratux/main/traffic.go:1356.25,1357.19 1 0
github.com/stratux/stratux/main/traffic.go:1358.25,1359.19 1 0
github.com/stratux/stratux/main/traffic.go:1362.3,1362.24 1 0
github.com/stratux/stratux/main/traffic.go:1362.24,1364.4 1 0
github.com/stratux/stratux/main/traffic.go:1364.9,1364.72 1 0
github.com/stratux/stratux/main/traffic.go:1364.72,1366.4 1 0
github.com/stratux/stratux/main/traffic.go:1366.9,1366.73 1 0
github.com/stratux/stratux/main/traffic.go:1366.73,1368.4 1 0
github.com/stratux/stratux/main/traffic.go:1368.9,1368.30 1 0
github.com/stratux/stratux/main/traffic.go:1368.30,1371.4 1 0
github.com/stratux/stratux/main/traffic.go:1374.2,1374.38 1 0
github.com/stratux/stratux/main/traffic.go:1374.38,1376.3 1 0
github.com/stratux/stratux/main/traffic.go:1377.2,1392.23 6 0
github.com/stratux/stratux/main/traffic.go:1395.32,1396.6 1 0
github.com/stratux/stratux/main/traffic.go:1396.6,1399.32 3 0
github.com/stratux/stratux/main/traffic.go:1399.32,1400.59 1 0
github.com/stratux/stratux/main/traffic.go:1400.59,1401.13 1 0
github.com/stratux/stratux/main/traffic.go:1403.4,1405.21 2 0
github.com/stratux/stratux/main/traffic.go:1407.3,1407.24 1 0
github.com/stratux/stratux/main/traffic.go:1412.42,1413.30 1 5
github.com/stratux/stratux/main/traffic.go:1413.30,1418.3 4 5
github.com/stratux/stratux/main/traffic.go:1420.2,1431.19 8 5
github.com/stratux/stratux/main/traffic.go:1431.19,1433.3 1 0
github.com/stratux/stratux/main/traffic.go:1434.2,1434.21 1 5
github.com/stratux/stratux/main/traffic.go:1434.21,1436.3 1 0
github.com/stratux/stratux/main/traffic.go:1439.2,1440.43 2 5
github.com/stratux/stratux/main/traffic.go:1459.92,1465.34 4 0
github.com/stratux/stratux/main/traffic.go:1465.34,1468.3 1 0
github.com/stratux/stratux/main/traffic.go:1468.8,1473.3 3 0
github.com/stratux/stratux/main/traffic.go:1474.2,1482.18 7 0
github.com/stratux/stratux/main/traffic.go:1482.18,1485.3 2 0
github.com/stratux/stratux/main/traffic.go:1486.2,1492.23 6 0
github.com/stratux/stratux/main/traffic.go:1492.23,1494.3 1 0
github.com/stratux/stratux/main/traffic.go:1496.2,1496.23 1 0
github.com/stratux/stratux/main/traffic.go:1496.23,1498.3 1 0
github.com/stratux/stratux/main/traffic.go:1498.8,1498.30 1 0
github.com/stratux/stratux/main/traffic.go:1498.30,1500.3 1 0
github.com/stratux/stratux/main/traffic.go:1500.8,1500.30 1 0
github.com/stratux/stratux/main/traffic.go:1500.30,1502.3 1 0
github.com/stratux/stratux/main/traffic.go:1502.8,1502.30 1 0
github.com/stratux/stratux/main/traffic.go:1502.30,1504.49 2 0
github.com/stratux/stratux/main/traffic.go:1504.49,1506.4 1 0
github.com/stratux/stratux/main/traffic.go:1509.2,1521.29 11 0
github.com/stratux/stratux/main/traffic.go:1521.29,1523.3 1 0
github.com/stratux/stratux/main/traffic.go:1524.2,1524.28 1 0
github.com/stratux/stratux/main/traffic.go:1524.28,1526.3 1 0
github.com/stratux/stratux/main/traffic.go:1526.8,1528.3 1 0
github.com/stratux/stratux/main/traffic.go:1529.2,1540.17 10 0
github.com/stratux/stratux/main/traffic.go:1540.17,1542.3 1 0
github.com/stratux/stratux/main/traffic.go:1544.2,1544.28 1 0
github.com/stratux/stratux/main/traffic.go:1544.28,1550.3 4 0
github.com/stratux/stratux/main/traffic.go:1581.48,1589.56 5 13
github.com/stratux/stratux/main/traffic.go:1589.56,1591.3 1 5
github.com/stratux/stratux/main/traffic.go:1591.8,1591.63 1 8
github.com/stratux/stratux/main/traffic.go:1591.63,1593.3 1 4
github.com/stratux/stratux/main/traffic.go:1593.8,1593.63 1 4
github.com/stratux/stratux/main/traffic.go:1593.63,1595.3 1 3
github.com/stratux/stratux/main/traffic.go:1595.8,1598.3 1 1
github.com/stratux/stratux/main/traffic.go:1600.2,1600.20 1 12
github.com/stratux/stratux/main/traffic.go:1600.20,1602.27 1 4
github.com/stratux/stratux/main/traffic.go:1602.27,1605.4 1 2
github.com/stratux/stratux/main/traffic.go:1607.3,1625.63 8 2
github.com/stratux/stratux/main/traffic.go:1628.2,1628.20 1 10
github.com/stratux/stratux/main/traffic.go:1628.20,1644.66 12 3
github.com/stratux/stratux/main/traffic.go:1644.66,1646.4 1 0
github.com/stratux/stratux/main/traffic.go:1648.3,1648.42 1 3
github.com/stratux/stratux/main/traffic.go:1651.2,1651.20 1 10
github.com/stratux/stratux/main/traffic.go:1651.20,1653.27 1 5
github.com/stratux/stratux/main/traffic.go:1653.27,1656.4 1 2
github.com/stratux/stratux/main/traffic.go:1658.3,1678.50 9 3
github.com/stratux/stratux/main/traffic.go:1678.50,1682.4 2 2
github.com/stratux/stratux/main/traffic.go:1682.9,1683.26 1 1
github.com/stratux/stratux/main/traffic.go:1683.26,1685.5 1 1
github.com/stratux/stratux/main/traffic.go:1687.4,1690.13 3 1
github.com/stratux/stratux/main/traffic.go:1690.13,1693.5 2 1
github.com/stratux/stratux/main/traffic.go:1696.3,1699.13 3 3
github.com/stratux/stratux/main/traffic.go:1699.13,1701.4 1 2
github.com/stratux/stratux/main/traffic.go:1703.3,1703.23 1 3
github.com/stratux/stratux/main/traffic.go:1703.23,1705.4 1 2
github.com/stratux/stratux/main/traffic.go:1707.3,1707.13 1 3
github.com/stratux/stratux/main/traffic.go:1707.13,1709.13 2 2
github.com/stratux/stratux/main/traffic.go:1709.13,1711.5 1 2
github.com/stratux/stratux/main/traffic.go:1714.3,1714.58 1 3
github.com/stratux/stratux/main/traffic.go:1718.2,1718.19 1 8
github.com/stratux/stratux/main/traffic.go:1721.42,1725.24 4 0
github.com/stratux/stratux/main/traffic.go:1725.24,1730.3 4 0
github.com/stratux/stratux/main/uibroadcast.go:27.40,35.2 3 0
github.com/stratux/stratux/main/uibroadcast.go:37.42,38.35 1 2
github.com/stratux/stratux/main/uibroadcast.go:38.35,40.3 1 0
github.com/stratux/stratux/main/uibroadcast.go:43.49,46.2 2 2
github.com/stratux/stratux/main/uibroadcast.go:48.57,52.2 3 0
github.com/stratux/stratux/main/uibroadcast.go:54.34,55.6 1 0
github.com/stratux/stratux/main/uibroadcast.go:55.6,60.34 4 0
github.com/stratux/stratux/main/uibroadcast.go:60.34,63.33 3 0
github.com/stratux/stratux/main/uibroadcast.go:63.33,65.5 1 0
github.com/stratux/stratux/main/uibroadcast.go:67.3,68.24 2 0
github.com/stratux/stratux/main/xplane.go:22.55,24.2 1 0
github.com/stratux/stratux/main/xplane.go:26.117,29.2 1 0
github.com/stratux/stratux/main/xplane.go:31.92,36.2 1 0
github.com/stratux/stratux/main/xplane.go:38.181,43.14 2 0
github.com/stratux/stratux/main/xplane.go:43.14,45.3 1 0
github.com/stratux/stratux/main/xplane.go:45.8,47.3 1 0
github.com/stratux/stratux/main/xplane.go:50.2,53.172 3 0
